#
# There is insufficient memory for the Java Runtime Environment to continue.
# Native memory allocation (malloc) failed to allocate 1236768 bytes for Chunk::new
# Possible reasons:
#   The system is out of physical RAM or swap space
#   The process is running with CompressedOops enabled, and the Java Heap may be blocking the growth of the native heap
# Possible solutions:
#   Reduce memory load on the system
#   Increase physical memory or swap space
#   Check if swap backing store is full
#   Decrease Java heap size (-Xmx/-Xms)
#   Decrease number of Java threads
#   Decrease Java thread stack sizes (-Xss)
#   Set larger code cache with -XX:ReservedCodeCacheSize=
#   JVM is running with Unscaled Compressed Oops mode in which the Java heap is
#     placed in the first 4GB address space. The Java Heap base address is the
#     maximum limit for the native heap growth. Please use -XX:HeapBaseMinAddress
#     to set the Java Heap base and to place the Java Heap above 4GB virtual address.
# This output file may be truncated or incomplete.
#
#  Out of Memory Error (arena.cpp:168), pid=1644, tid=13368
#
# JRE version: Java(TM) SE Runtime Environment (21.0.1+12) (build 21.0.1+12-LTS-29)
# Java VM: Java HotSpot(TM) 64-Bit Server VM (21.0.1+12-LTS-29, mixed mode, sharing, tiered, compressed oops, compressed class ptrs, g1 gc, windows-amd64)
# No core dump will be written. Minidumps are not enabled by default on client versions of Windows
#

---------------  S U M M A R Y ------------

Command Line: -Dfile.encoding=UTF-8 -Dsun.jnu.encoding=UTF-8 -Dsun.stdout.encoding=UTF-8 -Dsun.stderr.encoding=UTF-8 -Dconsole.encoding=UTF-8 --add-opens=java.base/java.lang=ALL-UNNAMED --add-opens=java.base/java.lang.invoke=ALL-UNNAMED --add-opens=java.base/java.util=ALL-UNNAMED --add-opens=java.prefs/java.util.prefs=ALL-UNNAMED --add-exports=jdk.compiler/com.sun.tools.javac.api=ALL-UNNAMED --add-exports=jdk.compiler/com.sun.tools.javac.util=ALL-UNNAMED --add-opens=java.base/java.util=ALL-UNNAMED --add-opens=java.prefs/java.util.prefs=ALL-UNNAMED --add-opens=java.base/java.nio.charset=ALL-UNNAMED --add-opens=java.base/java.net=ALL-UNNAMED --add-opens=java.base/java.util.concurrent.atomic=ALL-UNNAMED --add-opens=java.xml/javax.xml.namespace=ALL-UNNAMED -XX:MaxMetaspaceSize=384m -XX:+HeapDumpOnOutOfMemoryError -Xms256m -Xmx512m -Dfile.encoding=UTF-8 -Duser.country=BR -Duser.language=pt -Duser.variant -javaagent:C:\Users\Computador\.gradle\wrapper\dists\gradle-8.14.3-bin\cv11ve7ro1n3o1j4so8xd9n66\gradle-8.14.3\lib\agents\gradle-instrumentation-agent-8.14.3.jar org.gradle.launcher.daemon.bootstrap.GradleDaemon 8.14.3

Host: 11th Gen Intel(R) Core(TM) i5-1135G7 @ 2.40GHz, 8 cores, 7G,  Windows 11 , 64 bit Build 26100 (10.0.26100.6725)
Time: Mon Nov 10 23:31:13 2025 Hora oficial do Brasil elapsed time: 4.738213 seconds (0d 0h 0m 4s)

---------------  T H R E A D  ---------------

Current thread (0x000001b4dbb63a40):  JavaThread "C2 CompilerThread1" daemon [_thread_in_native, id=13368, stack(0x0000000e63300000,0x0000000e63400000) (1024K)]


Current CompileTask:
C2:   4738 3456       4       jdk.internal.loader.URLClassPath::getResource (74 bytes)

Stack: [0x0000000e63300000,0x0000000e63400000]
Native frames: (J=compiled Java code, j=interpreted, Vv=VM code, C=native code)
V  [jvm.dll+0x6c9029]
V  [jvm.dll+0x854b81]
V  [jvm.dll+0x856e5e]
V  [jvm.dll+0x857543]
V  [jvm.dll+0x280c06]
V  [jvm.dll+0xc3ead]
V  [jvm.dll+0xc43c3]
V  [jvm.dll+0x3b576c]
V  [jvm.dll+0x382475]
V  [jvm.dll+0x3818ea]
V  [jvm.dll+0x249ad0]
V  [jvm.dll+0x2490b1]
V  [jvm.dll+0x1c9ca1]
V  [jvm.dll+0x2586b9]
V  [jvm.dll+0x256c9a]
V  [jvm.dll+0x3ef1b6]
V  [jvm.dll+0x7fd728]
V  [jvm.dll+0x6c777d]
C  [ucrtbase.dll+0x37b0]
C  [KERNEL32.DLL+0x2e8d7]
C  [ntdll.dll+0x8c53c]


---------------  P R O C E S S  ---------------

Threads class SMR info:
_java_thread_list=0x000001b4f7799d00, length=32, elements={
0x000001b4be798fc0, 0x000001b4db6ba770, 0x000001b4db6bd3e0, 0x000001b4db6c8190,
0x000001b4db6c8820, 0x000001b4db6c9540, 0x000001b4db6c8eb0, 0x000001b4db8042e0,
0x000001b4db808340, 0x000001b4db6c9bd0, 0x000001b4db6c6de0, 0x000001b4dbb63a40,
0x000001b4db6c7470, 0x000001b4db6c7b00, 0x000001b4db6c6750, 0x000001b4f6f504e0,
0x000001b4f6f4eaa0, 0x000001b4f6f4f130, 0x000001b4f6f4fe50, 0x000001b4f6f4dd80,
0x000001b4f6f4d6f0, 0x000001b4f6f4d060, 0x000001b4f6f50b70, 0x000001b4f6f4e410,
0x000001b4f6f532d0, 0x000001b4f750a950, 0x000001b4f6f53ff0, 0x000001b4f6f54680,
0x000001b4f6f51200, 0x000001b4f6f51890, 0x000001b4f6f51f20, 0x000001b4f6f525b0
}

Java Threads: ( => current thread )
  0x000001b4be798fc0 JavaThread "main"                              [_thread_blocked, id=16116, stack(0x0000000e62100000,0x0000000e62200000) (1024K)]
  0x000001b4db6ba770 JavaThread "Reference Handler"          daemon [_thread_blocked, id=10980, stack(0x0000000e62900000,0x0000000e62a00000) (1024K)]
  0x000001b4db6bd3e0 JavaThread "Finalizer"                  daemon [_thread_blocked, id=20960, stack(0x0000000e62a00000,0x0000000e62b00000) (1024K)]
  0x000001b4db6c8190 JavaThread "Signal Dispatcher"          daemon [_thread_blocked, id=13300, stack(0x0000000e62b00000,0x0000000e62c00000) (1024K)]
  0x000001b4db6c8820 JavaThread "Attach Listener"            daemon [_thread_blocked, id=8276, stack(0x0000000e62c00000,0x0000000e62d00000) (1024K)]
  0x000001b4db6c9540 JavaThread "Service Thread"             daemon [_thread_blocked, id=2156, stack(0x0000000e62d00000,0x0000000e62e00000) (1024K)]
  0x000001b4db6c8eb0 JavaThread "Monitor Deflation Thread"   daemon [_thread_blocked, id=6892, stack(0x0000000e62e00000,0x0000000e62f00000) (1024K)]
  0x000001b4db8042e0 JavaThread "C2 CompilerThread0"         daemon [_thread_in_native, id=3864, stack(0x0000000e62f00000,0x0000000e63000000) (1024K)]
  0x000001b4db808340 JavaThread "C1 CompilerThread0"         daemon [_thread_blocked, id=11116, stack(0x0000000e63000000,0x0000000e63100000) (1024K)]
  0x000001b4db6c9bd0 JavaThread "Common-Cleaner"             daemon [_thread_blocked, id=23396, stack(0x0000000e63100000,0x0000000e63200000) (1024K)]
  0x000001b4db6c6de0 JavaThread "Notification Thread"        daemon [_thread_blocked, id=16088, stack(0x0000000e63200000,0x0000000e63300000) (1024K)]
=>0x000001b4dbb63a40 JavaThread "C2 CompilerThread1"         daemon [_thread_in_native, id=13368, stack(0x0000000e63300000,0x0000000e63400000) (1024K)]
  0x000001b4db6c7470 JavaThread "Daemon health stats"               [_thread_blocked, id=15644, stack(0x0000000e63900000,0x0000000e63a00000) (1024K)]
  0x000001b4db6c7b00 JavaThread "Incoming local TCP Connector on port 60926"        [_thread_in_native, id=12860, stack(0x0000000e63a00000,0x0000000e63b00000) (1024K)]
  0x000001b4db6c6750 JavaThread "Daemon periodic checks"            [_thread_blocked, id=2736, stack(0x0000000e63b00000,0x0000000e63c00000) (1024K)]
  0x000001b4f6f504e0 JavaThread "Daemon"                            [_thread_blocked, id=17252, stack(0x0000000e63c00000,0x0000000e63d00000) (1024K)]
  0x000001b4f6f4eaa0 JavaThread "Handler for socket connection from /127.0.0.1:60926 to /127.0.0.1:60927"        [_thread_in_native, id=22296, stack(0x0000000e63d00000,0x0000000e63e00000) (1024K)]
  0x000001b4f6f4f130 JavaThread "Cancel handler"                    [_thread_blocked, id=10436, stack(0x0000000e63e00000,0x0000000e63f00000) (1024K)]
  0x000001b4f6f4fe50 JavaThread "Daemon worker"                     [_thread_in_vm, id=5304, stack(0x0000000e63f00000,0x0000000e64000000) (1024K)]
  0x000001b4f6f4dd80 JavaThread "Asynchronous log dispatcher for DefaultDaemonConnection: socket connection from /127.0.0.1:60926 to /127.0.0.1:60927"        [_thread_blocked, id=20288, stack(0x0000000e64000000,0x0000000e64100000) (1024K)]
  0x000001b4f6f4d6f0 JavaThread "Stdin handler"                     [_thread_blocked, id=23012, stack(0x0000000e64100000,0x0000000e64200000) (1024K)]
  0x000001b4f6f4d060 JavaThread "Daemon client event forwarder"        [_thread_blocked, id=3708, stack(0x0000000e64200000,0x0000000e64300000) (1024K)]
  0x000001b4f6f50b70 JavaThread "Cache worker for journal cache (C:\Users\Computador\.gradle\caches\journal-1)"        [_thread_blocked, id=15444, stack(0x0000000e64300000,0x0000000e64400000) (1024K)]
  0x000001b4f6f4e410 JavaThread "File lock request listener"        [_thread_in_native, id=8668, stack(0x0000000e64400000,0x0000000e64500000) (1024K)]
  0x000001b4f6f532d0 JavaThread "Cache worker for file hash cache (C:\Users\Computador\.gradle\caches\8.14.3\fileHashes)"        [_thread_blocked, id=15848, stack(0x0000000e64500000,0x0000000e64600000) (1024K)]
  0x000001b4f750a950 JavaThread "C2 CompilerThread2"         daemon [_thread_in_native, id=11808, stack(0x0000000e64800000,0x0000000e64900000) (1024K)]
  0x000001b4f6f53ff0 JavaThread "Cache worker for file hash cache (C:\Projetos\controle-assinaturas\.gradle\8.14.3\fileHashes)"        [_thread_blocked, id=5752, stack(0x0000000e64a00000,0x0000000e64b00000) (1024K)]
  0x000001b4f6f54680 JavaThread "Cache worker for Build Output Cleanup Cache (C:\Projetos\controle-assinaturas\.gradle\buildOutputCleanup)"        [_thread_blocked, id=20092, stack(0x0000000e64b00000,0x0000000e64c00000) (1024K)]
  0x000001b4f6f51200 JavaThread "File watcher server"        daemon [_thread_in_native, id=23540, stack(0x0000000e64c00000,0x0000000e64d00000) (1024K)]
  0x000001b4f6f51890 JavaThread "File watcher consumer"      daemon [_thread_blocked, id=17716, stack(0x0000000e64d00000,0x0000000e64e00000) (1024K)]
  0x000001b4f6f51f20 JavaThread "jar transforms"                    [_thread_blocked, id=2140, stack(0x0000000e64e00000,0x0000000e64f00000) (1024K)]
  0x000001b4f6f525b0 JavaThread "jar transforms Thread 2"           [_thread_blocked, id=7208, stack(0x0000000e64f00000,0x0000000e65000000) (1024K)]
Total: 32

Other Threads:
  0x000001b4db697b80 VMThread "VM Thread"                           [id=11204, stack(0x0000000e62800000,0x0000000e62900000) (1024K)]
  0x000001b4db67cfe0 WatcherThread "VM Periodic Task Thread"        [id=20356, stack(0x0000000e62700000,0x0000000e62800000) (1024K)]
  0x000001b4c0add840 WorkerThread "GC Thread#0"                     [id=5084, stack(0x0000000e62200000,0x0000000e62300000) (1024K)]
  0x000001b4dbb5e780 WorkerThread "GC Thread#1"                     [id=7864, stack(0x0000000e63400000,0x0000000e63500000) (1024K)]
  0x000001b4dbb5eb20 WorkerThread "GC Thread#2"                     [id=9356, stack(0x0000000e63500000,0x0000000e63600000) (1024K)]
  0x000001b4dbb72aa0 WorkerThread "GC Thread#3"                     [id=22292, stack(0x0000000e63600000,0x0000000e63700000) (1024K)]
  0x000001b4dbb72e40 WorkerThread "GC Thread#4"                     [id=20184, stack(0x0000000e63700000,0x0000000e63800000) (1024K)]
  0x000001b4dbb731e0 WorkerThread "GC Thread#5"                     [id=16524, stack(0x0000000e63800000,0x0000000e63900000) (1024K)]
  0x000001b4f761a350 WorkerThread "GC Thread#6"                     [id=12696, stack(0x0000000e64600000,0x0000000e64700000) (1024K)]
  0x000001b4f761a6f0 WorkerThread "GC Thread#7"                     [id=9012, stack(0x0000000e64700000,0x0000000e64800000) (1024K)]
  0x000001b4c0ae2f40 ConcurrentGCThread "G1 Main Marker"            [id=16044, stack(0x0000000e62300000,0x0000000e62400000) (1024K)]
  0x000001b4c0ae3950 WorkerThread "G1 Conc#0"                       [id=4752, stack(0x0000000e62400000,0x0000000e62500000) (1024K)]
  0x000001b4f7a95cf0 WorkerThread "G1 Conc#1"                       [id=7964, stack(0x0000000e64900000,0x0000000e64a00000) (1024K)]
  0x000001b4db554180 ConcurrentGCThread "G1 Refine#0"               [id=6056, stack(0x0000000e62500000,0x0000000e62600000) (1024K)]
  0x000001b4db554aa0 ConcurrentGCThread "G1 Service"                [id=11080, stack(0x0000000e62600000,0x0000000e62700000) (1024K)]
Total: 15

Threads with active compile tasks:
C2 CompilerThread0     4761 3455   !   4       java.lang.ClassLoader::loadClass (121 bytes)
C2 CompilerThread1     4761 3456       4       jdk.internal.loader.URLClassPath::getResource (74 bytes)
C2 CompilerThread2     4761 3457       4       java.net.URLClassLoader$1::run (5 bytes)
Total: 3

VM state: not at safepoint (normal execution)

VM Mutex/Monitor currently owned by a thread: None

Heap address: 0x00000000e0000000, size: 512 MB, Compressed Oops mode: 32-bit

CDS archive(s) mapped at: [0x000001b4dc000000-0x000001b4dcc90000-0x000001b4dcc90000), size 13172736, SharedBaseAddress: 0x000001b4dc000000, ArchiveRelocationMode: 1.
Compressed class space mapped at: 0x000001b4dd000000-0x000001b4f1000000, reserved size: 335544320
Narrow klass base: 0x000001b4dc000000, Narrow klass shift: 0, Narrow klass range: 0x100000000

GC Precious Log:
 CardTable entry size: 512
 Card Set container configuration: InlinePtr #cards 5 size 8 Array Of Cards #cards 12 size 40 Howl #buckets 4 coarsen threshold 1843 Howl Bitmap #cards 512 size 80 coarsen threshold 460 Card regions per heap region 1 cards per card region 2048
 CPUs: 8 total, 8 available
 Memory: 7915M
 Large Page Support: Disabled
 NUMA Support: Disabled
 Compressed Oops: Enabled (32-bit)
 Heap Region Size: 1M
 Heap Min Capacity: 256M
 Heap Initial Capacity: 256M
 Heap Max Capacity: 512M
 Pre-touch: Disabled
 Parallel Workers: 8
 Concurrent Workers: 2
 Concurrent Refinement Workers: 8
 Periodic GC: Disabled

Heap:
 garbage-first heap   total 262144K, used 73234K [0x00000000e0000000, 0x0000000100000000)
  region size 1024K, 61 young (62464K), 12 survivors (12288K)
 Metaspace       used 27527K, committed 28544K, reserved 393216K
  class space    used 4136K, committed 4608K, reserved 327680K

Heap Regions: E=young(eden), S=young(survivor), O=old, HS=humongous(starts), HC=humongous(continues), CS=collection set, F=free, TAMS=top-at-mark-start, PB=parsable bottom
|   0|0x00000000e0000000, 0x00000000e0100000, 0x00000000e0100000|100%|HS|  |TAMS 0x00000000e0000000| PB 0x00000000e0000000| Complete 
|   1|0x00000000e0100000, 0x00000000e0200000, 0x00000000e0200000|100%|HC|  |TAMS 0x00000000e0100000| PB 0x00000000e0100000| Complete 
|   2|0x00000000e0200000, 0x00000000e0300000, 0x00000000e0300000|100%|HC|  |TAMS 0x00000000e0200000| PB 0x00000000e0200000| Complete 
|   3|0x00000000e0300000, 0x00000000e0400000, 0x00000000e0400000|100%| O|  |TAMS 0x00000000e0300000| PB 0x00000000e0300000| Untracked 
|   4|0x00000000e0400000, 0x00000000e0500000, 0x00000000e0500000|100%| O|  |TAMS 0x00000000e0400000| PB 0x00000000e0400000| Untracked 
|   5|0x00000000e0500000, 0x00000000e0600000, 0x00000000e0600000|100%| O|  |TAMS 0x00000000e0500000| PB 0x00000000e0500000| Untracked 
|   6|0x00000000e0600000, 0x00000000e0700000, 0x00000000e0700000|100%|HS|  |TAMS 0x00000000e0600000| PB 0x00000000e0600000| Complete 
|   7|0x00000000e0700000, 0x00000000e0800000, 0x00000000e0800000|100%| O|  |TAMS 0x00000000e0700000| PB 0x00000000e0700000| Untracked 
|   8|0x00000000e0800000, 0x00000000e0900000, 0x00000000e0900000|100%| O|  |TAMS 0x00000000e0800000| PB 0x00000000e0800000| Untracked 
|   9|0x00000000e0900000, 0x00000000e0a00000, 0x00000000e0a00000|100%| O|  |TAMS 0x00000000e0900000| PB 0x00000000e0900000| Untracked 
|  10|0x00000000e0a00000, 0x00000000e0b00000, 0x00000000e0b00000|100%| O|  |TAMS 0x00000000e0a00000| PB 0x00000000e0a00000| Untracked 
|  11|0x00000000e0b00000, 0x00000000e0b848a0, 0x00000000e0c00000| 51%| O|  |TAMS 0x00000000e0b00000| PB 0x00000000e0b00000| Untracked 
|  12|0x00000000e0c00000, 0x00000000e0c00000, 0x00000000e0d00000|  0%| F|  |TAMS 0x00000000e0c00000| PB 0x00000000e0c00000| Untracked 
|  13|0x00000000e0d00000, 0x00000000e0d00000, 0x00000000e0e00000|  0%| F|  |TAMS 0x00000000e0d00000| PB 0x00000000e0d00000| Untracked 
|  14|0x00000000e0e00000, 0x00000000e0e00000, 0x00000000e0f00000|  0%| F|  |TAMS 0x00000000e0e00000| PB 0x00000000e0e00000| Untracked 
|  15|0x00000000e0f00000, 0x00000000e0f00000, 0x00000000e1000000|  0%| F|  |TAMS 0x00000000e0f00000| PB 0x00000000e0f00000| Untracked 
|  16|0x00000000e1000000, 0x00000000e1000000, 0x00000000e1100000|  0%| F|  |TAMS 0x00000000e1000000| PB 0x00000000e1000000| Untracked 
|  17|0x00000000e1100000, 0x00000000e1100000, 0x00000000e1200000|  0%| F|  |TAMS 0x00000000e1100000| PB 0x00000000e1100000| Untracked 
|  18|0x00000000e1200000, 0x00000000e1200000, 0x00000000e1300000|  0%| F|  |TAMS 0x00000000e1200000| PB 0x00000000e1200000| Untracked 
|  19|0x00000000e1300000, 0x00000000e1300000, 0x00000000e1400000|  0%| F|  |TAMS 0x00000000e1300000| PB 0x00000000e1300000| Untracked 
|  20|0x00000000e1400000, 0x00000000e1400000, 0x00000000e1500000|  0%| F|  |TAMS 0x00000000e1400000| PB 0x00000000e1400000| Untracked 
|  21|0x00000000e1500000, 0x00000000e1500000, 0x00000000e1600000|  0%| F|  |TAMS 0x00000000e1500000| PB 0x00000000e1500000| Untracked 
|  22|0x00000000e1600000, 0x00000000e1600000, 0x00000000e1700000|  0%| F|  |TAMS 0x00000000e1600000| PB 0x00000000e1600000| Untracked 
|  23|0x00000000e1700000, 0x00000000e1700000, 0x00000000e1800000|  0%| F|  |TAMS 0x00000000e1700000| PB 0x00000000e1700000| Untracked 
|  24|0x00000000e1800000, 0x00000000e1800000, 0x00000000e1900000|  0%| F|  |TAMS 0x00000000e1800000| PB 0x00000000e1800000| Untracked 
|  25|0x00000000e1900000, 0x00000000e1900000, 0x00000000e1a00000|  0%| F|  |TAMS 0x00000000e1900000| PB 0x00000000e1900000| Untracked 
|  26|0x00000000e1a00000, 0x00000000e1a00000, 0x00000000e1b00000|  0%| F|  |TAMS 0x00000000e1a00000| PB 0x00000000e1a00000| Untracked 
|  27|0x00000000e1b00000, 0x00000000e1b00000, 0x00000000e1c00000|  0%| F|  |TAMS 0x00000000e1b00000| PB 0x00000000e1b00000| Untracked 
|  28|0x00000000e1c00000, 0x00000000e1c00000, 0x00000000e1d00000|  0%| F|  |TAMS 0x00000000e1c00000| PB 0x00000000e1c00000| Untracked 
|  29|0x00000000e1d00000, 0x00000000e1d00000, 0x00000000e1e00000|  0%| F|  |TAMS 0x00000000e1d00000| PB 0x00000000e1d00000| Untracked 
|  30|0x00000000e1e00000, 0x00000000e1e00000, 0x00000000e1f00000|  0%| F|  |TAMS 0x00000000e1e00000| PB 0x00000000e1e00000| Untracked 
|  31|0x00000000e1f00000, 0x00000000e1f00000, 0x00000000e2000000|  0%| F|  |TAMS 0x00000000e1f00000| PB 0x00000000e1f00000| Untracked 
|  32|0x00000000e2000000, 0x00000000e2000000, 0x00000000e2100000|  0%| F|  |TAMS 0x00000000e2000000| PB 0x00000000e2000000| Untracked 
|  33|0x00000000e2100000, 0x00000000e2100000, 0x00000000e2200000|  0%| F|  |TAMS 0x00000000e2100000| PB 0x00000000e2100000| Untracked 
|  34|0x00000000e2200000, 0x00000000e2200000, 0x00000000e2300000|  0%| F|  |TAMS 0x00000000e2200000| PB 0x00000000e2200000| Untracked 
|  35|0x00000000e2300000, 0x00000000e2300000, 0x00000000e2400000|  0%| F|  |TAMS 0x00000000e2300000| PB 0x00000000e2300000| Untracked 
|  36|0x00000000e2400000, 0x00000000e2400000, 0x00000000e2500000|  0%| F|  |TAMS 0x00000000e2400000| PB 0x00000000e2400000| Untracked 
|  37|0x00000000e2500000, 0x00000000e2500000, 0x00000000e2600000|  0%| F|  |TAMS 0x00000000e2500000| PB 0x00000000e2500000| Untracked 
|  38|0x00000000e2600000, 0x00000000e2600000, 0x00000000e2700000|  0%| F|  |TAMS 0x00000000e2600000| PB 0x00000000e2600000| Untracked 
|  39|0x00000000e2700000, 0x00000000e2700000, 0x00000000e2800000|  0%| F|  |TAMS 0x00000000e2700000| PB 0x00000000e2700000| Untracked 
|  40|0x00000000e2800000, 0x00000000e2800000, 0x00000000e2900000|  0%| F|  |TAMS 0x00000000e2800000| PB 0x00000000e2800000| Untracked 
|  41|0x00000000e2900000, 0x00000000e2900000, 0x00000000e2a00000|  0%| F|  |TAMS 0x00000000e2900000| PB 0x00000000e2900000| Untracked 
|  42|0x00000000e2a00000, 0x00000000e2a00000, 0x00000000e2b00000|  0%| F|  |TAMS 0x00000000e2a00000| PB 0x00000000e2a00000| Untracked 
|  43|0x00000000e2b00000, 0x00000000e2b00000, 0x00000000e2c00000|  0%| F|  |TAMS 0x00000000e2b00000| PB 0x00000000e2b00000| Untracked 
|  44|0x00000000e2c00000, 0x00000000e2c00000, 0x00000000e2d00000|  0%| F|  |TAMS 0x00000000e2c00000| PB 0x00000000e2c00000| Untracked 
|  45|0x00000000e2d00000, 0x00000000e2d00000, 0x00000000e2e00000|  0%| F|  |TAMS 0x00000000e2d00000| PB 0x00000000e2d00000| Untracked 
|  46|0x00000000e2e00000, 0x00000000e2e00000, 0x00000000e2f00000|  0%| F|  |TAMS 0x00000000e2e00000| PB 0x00000000e2e00000| Untracked 
|  47|0x00000000e2f00000, 0x00000000e2f00000, 0x00000000e3000000|  0%| F|  |TAMS 0x00000000e2f00000| PB 0x00000000e2f00000| Untracked 
|  48|0x00000000e3000000, 0x00000000e3000000, 0x00000000e3100000|  0%| F|  |TAMS 0x00000000e3000000| PB 0x00000000e3000000| Untracked 
|  49|0x00000000e3100000, 0x00000000e3100000, 0x00000000e3200000|  0%| F|  |TAMS 0x00000000e3100000| PB 0x00000000e3100000| Untracked 
|  50|0x00000000e3200000, 0x00000000e3200000, 0x00000000e3300000|  0%| F|  |TAMS 0x00000000e3200000| PB 0x00000000e3200000| Untracked 
|  51|0x00000000e3300000, 0x00000000e3300000, 0x00000000e3400000|  0%| F|  |TAMS 0x00000000e3300000| PB 0x00000000e3300000| Untracked 
|  52|0x00000000e3400000, 0x00000000e3400000, 0x00000000e3500000|  0%| F|  |TAMS 0x00000000e3400000| PB 0x00000000e3400000| Untracked 
|  53|0x00000000e3500000, 0x00000000e3500000, 0x00000000e3600000|  0%| F|  |TAMS 0x00000000e3500000| PB 0x00000000e3500000| Untracked 
|  54|0x00000000e3600000, 0x00000000e3600000, 0x00000000e3700000|  0%| F|  |TAMS 0x00000000e3600000| PB 0x00000000e3600000| Untracked 
|  55|0x00000000e3700000, 0x00000000e3700000, 0x00000000e3800000|  0%| F|  |TAMS 0x00000000e3700000| PB 0x00000000e3700000| Untracked 
|  56|0x00000000e3800000, 0x00000000e3800000, 0x00000000e3900000|  0%| F|  |TAMS 0x00000000e3800000| PB 0x00000000e3800000| Untracked 
|  57|0x00000000e3900000, 0x00000000e3900000, 0x00000000e3a00000|  0%| F|  |TAMS 0x00000000e3900000| PB 0x00000000e3900000| Untracked 
|  58|0x00000000e3a00000, 0x00000000e3a00000, 0x00000000e3b00000|  0%| F|  |TAMS 0x00000000e3a00000| PB 0x00000000e3a00000| Untracked 
|  59|0x00000000e3b00000, 0x00000000e3b00000, 0x00000000e3c00000|  0%| F|  |TAMS 0x00000000e3b00000| PB 0x00000000e3b00000| Untracked 
|  60|0x00000000e3c00000, 0x00000000e3c00000, 0x00000000e3d00000|  0%| F|  |TAMS 0x00000000e3c00000| PB 0x00000000e3c00000| Untracked 
|  61|0x00000000e3d00000, 0x00000000e3d00000, 0x00000000e3e00000|  0%| F|  |TAMS 0x00000000e3d00000| PB 0x00000000e3d00000| Untracked 
|  62|0x00000000e3e00000, 0x00000000e3e00000, 0x00000000e3f00000|  0%| F|  |TAMS 0x00000000e3e00000| PB 0x00000000e3e00000| Untracked 
|  63|0x00000000e3f00000, 0x00000000e3f00000, 0x00000000e4000000|  0%| F|  |TAMS 0x00000000e3f00000| PB 0x00000000e3f00000| Untracked 
|  64|0x00000000e4000000, 0x00000000e4000000, 0x00000000e4100000|  0%| F|  |TAMS 0x00000000e4000000| PB 0x00000000e4000000| Untracked 
|  65|0x00000000e4100000, 0x00000000e4100000, 0x00000000e4200000|  0%| F|  |TAMS 0x00000000e4100000| PB 0x00000000e4100000| Untracked 
|  66|0x00000000e4200000, 0x00000000e4200000, 0x00000000e4300000|  0%| F|  |TAMS 0x00000000e4200000| PB 0x00000000e4200000| Untracked 
|  67|0x00000000e4300000, 0x00000000e4300000, 0x00000000e4400000|  0%| F|  |TAMS 0x00000000e4300000| PB 0x00000000e4300000| Untracked 
|  68|0x00000000e4400000, 0x00000000e4400000, 0x00000000e4500000|  0%| F|  |TAMS 0x00000000e4400000| PB 0x00000000e4400000| Untracked 
|  69|0x00000000e4500000, 0x00000000e4500000, 0x00000000e4600000|  0%| F|  |TAMS 0x00000000e4500000| PB 0x00000000e4500000| Untracked 
|  70|0x00000000e4600000, 0x00000000e4600000, 0x00000000e4700000|  0%| F|  |TAMS 0x00000000e4600000| PB 0x00000000e4600000| Untracked 
|  71|0x00000000e4700000, 0x00000000e4700000, 0x00000000e4800000|  0%| F|  |TAMS 0x00000000e4700000| PB 0x00000000e4700000| Untracked 
|  72|0x00000000e4800000, 0x00000000e4800000, 0x00000000e4900000|  0%| F|  |TAMS 0x00000000e4800000| PB 0x00000000e4800000| Untracked 
|  73|0x00000000e4900000, 0x00000000e4900000, 0x00000000e4a00000|  0%| F|  |TAMS 0x00000000e4900000| PB 0x00000000e4900000| Untracked 
|  74|0x00000000e4a00000, 0x00000000e4a00000, 0x00000000e4b00000|  0%| F|  |TAMS 0x00000000e4a00000| PB 0x00000000e4a00000| Untracked 
|  75|0x00000000e4b00000, 0x00000000e4b00000, 0x00000000e4c00000|  0%| F|  |TAMS 0x00000000e4b00000| PB 0x00000000e4b00000| Untracked 
|  76|0x00000000e4c00000, 0x00000000e4c00000, 0x00000000e4d00000|  0%| F|  |TAMS 0x00000000e4c00000| PB 0x00000000e4c00000| Untracked 
|  77|0x00000000e4d00000, 0x00000000e4d00000, 0x00000000e4e00000|  0%| F|  |TAMS 0x00000000e4d00000| PB 0x00000000e4d00000| Untracked 
|  78|0x00000000e4e00000, 0x00000000e4e00000, 0x00000000e4f00000|  0%| F|  |TAMS 0x00000000e4e00000| PB 0x00000000e4e00000| Untracked 
|  79|0x00000000e4f00000, 0x00000000e4f00000, 0x00000000e5000000|  0%| F|  |TAMS 0x00000000e4f00000| PB 0x00000000e4f00000| Untracked 
|  80|0x00000000e5000000, 0x00000000e5000000, 0x00000000e5100000|  0%| F|  |TAMS 0x00000000e5000000| PB 0x00000000e5000000| Untracked 
|  81|0x00000000e5100000, 0x00000000e5100000, 0x00000000e5200000|  0%| F|  |TAMS 0x00000000e5100000| PB 0x00000000e5100000| Untracked 
|  82|0x00000000e5200000, 0x00000000e5200000, 0x00000000e5300000|  0%| F|  |TAMS 0x00000000e5200000| PB 0x00000000e5200000| Untracked 
|  83|0x00000000e5300000, 0x00000000e5300000, 0x00000000e5400000|  0%| F|  |TAMS 0x00000000e5300000| PB 0x00000000e5300000| Untracked 
|  84|0x00000000e5400000, 0x00000000e5400000, 0x00000000e5500000|  0%| F|  |TAMS 0x00000000e5400000| PB 0x00000000e5400000| Untracked 
|  85|0x00000000e5500000, 0x00000000e5500000, 0x00000000e5600000|  0%| F|  |TAMS 0x00000000e5500000| PB 0x00000000e5500000| Untracked 
|  86|0x00000000e5600000, 0x00000000e5600000, 0x00000000e5700000|  0%| F|  |TAMS 0x00000000e5600000| PB 0x00000000e5600000| Untracked 
|  87|0x00000000e5700000, 0x00000000e5700000, 0x00000000e5800000|  0%| F|  |TAMS 0x00000000e5700000| PB 0x00000000e5700000| Untracked 
|  88|0x00000000e5800000, 0x00000000e5800000, 0x00000000e5900000|  0%| F|  |TAMS 0x00000000e5800000| PB 0x00000000e5800000| Untracked 
|  89|0x00000000e5900000, 0x00000000e5900000, 0x00000000e5a00000|  0%| F|  |TAMS 0x00000000e5900000| PB 0x00000000e5900000| Untracked 
|  90|0x00000000e5a00000, 0x00000000e5a00000, 0x00000000e5b00000|  0%| F|  |TAMS 0x00000000e5a00000| PB 0x00000000e5a00000| Untracked 
|  91|0x00000000e5b00000, 0x00000000e5b00000, 0x00000000e5c00000|  0%| F|  |TAMS 0x00000000e5b00000| PB 0x00000000e5b00000| Untracked 
|  92|0x00000000e5c00000, 0x00000000e5c00000, 0x00000000e5d00000|  0%| F|  |TAMS 0x00000000e5c00000| PB 0x00000000e5c00000| Untracked 
|  93|0x00000000e5d00000, 0x00000000e5d00000, 0x00000000e5e00000|  0%| F|  |TAMS 0x00000000e5d00000| PB 0x00000000e5d00000| Untracked 
|  94|0x00000000e5e00000, 0x00000000e5e00000, 0x00000000e5f00000|  0%| F|  |TAMS 0x00000000e5e00000| PB 0x00000000e5e00000| Untracked 
|  95|0x00000000e5f00000, 0x00000000e5f00000, 0x00000000e6000000|  0%| F|  |TAMS 0x00000000e5f00000| PB 0x00000000e5f00000| Untracked 
|  96|0x00000000e6000000, 0x00000000e6000000, 0x00000000e6100000|  0%| F|  |TAMS 0x00000000e6000000| PB 0x00000000e6000000| Untracked 
|  97|0x00000000e6100000, 0x00000000e6100000, 0x00000000e6200000|  0%| F|  |TAMS 0x00000000e6100000| PB 0x00000000e6100000| Untracked 
|  98|0x00000000e6200000, 0x00000000e6200000, 0x00000000e6300000|  0%| F|  |TAMS 0x00000000e6200000| PB 0x00000000e6200000| Untracked 
|  99|0x00000000e6300000, 0x00000000e6300000, 0x00000000e6400000|  0%| F|  |TAMS 0x00000000e6300000| PB 0x00000000e6300000| Untracked 
| 100|0x00000000e6400000, 0x00000000e6400000, 0x00000000e6500000|  0%| F|  |TAMS 0x00000000e6400000| PB 0x00000000e6400000| Untracked 
| 101|0x00000000e6500000, 0x00000000e6500000, 0x00000000e6600000|  0%| F|  |TAMS 0x00000000e6500000| PB 0x00000000e6500000| Untracked 
| 102|0x00000000e6600000, 0x00000000e6600000, 0x00000000e6700000|  0%| F|  |TAMS 0x00000000e6600000| PB 0x00000000e6600000| Untracked 
| 103|0x00000000e6700000, 0x00000000e6700000, 0x00000000e6800000|  0%| F|  |TAMS 0x00000000e6700000| PB 0x00000000e6700000| Untracked 
| 104|0x00000000e6800000, 0x00000000e6800000, 0x00000000e6900000|  0%| F|  |TAMS 0x00000000e6800000| PB 0x00000000e6800000| Untracked 
| 105|0x00000000e6900000, 0x00000000e6900000, 0x00000000e6a00000|  0%| F|  |TAMS 0x00000000e6900000| PB 0x00000000e6900000| Untracked 
| 106|0x00000000e6a00000, 0x00000000e6a00000, 0x00000000e6b00000|  0%| F|  |TAMS 0x00000000e6a00000| PB 0x00000000e6a00000| Untracked 
| 107|0x00000000e6b00000, 0x00000000e6b00000, 0x00000000e6c00000|  0%| F|  |TAMS 0x00000000e6b00000| PB 0x00000000e6b00000| Untracked 
| 108|0x00000000e6c00000, 0x00000000e6c00000, 0x00000000e6d00000|  0%| F|  |TAMS 0x00000000e6c00000| PB 0x00000000e6c00000| Untracked 
| 109|0x00000000e6d00000, 0x00000000e6d00000, 0x00000000e6e00000|  0%| F|  |TAMS 0x00000000e6d00000| PB 0x00000000e6d00000| Untracked 
| 110|0x00000000e6e00000, 0x00000000e6e00000, 0x00000000e6f00000|  0%| F|  |TAMS 0x00000000e6e00000| PB 0x00000000e6e00000| Untracked 
| 111|0x00000000e6f00000, 0x00000000e6f00000, 0x00000000e7000000|  0%| F|  |TAMS 0x00000000e6f00000| PB 0x00000000e6f00000| Untracked 
| 112|0x00000000e7000000, 0x00000000e7000000, 0x00000000e7100000|  0%| F|  |TAMS 0x00000000e7000000| PB 0x00000000e7000000| Untracked 
| 113|0x00000000e7100000, 0x00000000e7100000, 0x00000000e7200000|  0%| F|  |TAMS 0x00000000e7100000| PB 0x00000000e7100000| Untracked 
| 114|0x00000000e7200000, 0x00000000e7200000, 0x00000000e7300000|  0%| F|  |TAMS 0x00000000e7200000| PB 0x00000000e7200000| Untracked 
| 115|0x00000000e7300000, 0x00000000e7300000, 0x00000000e7400000|  0%| F|  |TAMS 0x00000000e7300000| PB 0x00000000e7300000| Untracked 
| 116|0x00000000e7400000, 0x00000000e7400000, 0x00000000e7500000|  0%| F|  |TAMS 0x00000000e7400000| PB 0x00000000e7400000| Untracked 
| 117|0x00000000e7500000, 0x00000000e7500000, 0x00000000e7600000|  0%| F|  |TAMS 0x00000000e7500000| PB 0x00000000e7500000| Untracked 
| 118|0x00000000e7600000, 0x00000000e7600000, 0x00000000e7700000|  0%| F|  |TAMS 0x00000000e7600000| PB 0x00000000e7600000| Untracked 
| 119|0x00000000e7700000, 0x00000000e7700000, 0x00000000e7800000|  0%| F|  |TAMS 0x00000000e7700000| PB 0x00000000e7700000| Untracked 
| 120|0x00000000e7800000, 0x00000000e7800000, 0x00000000e7900000|  0%| F|  |TAMS 0x00000000e7800000| PB 0x00000000e7800000| Untracked 
| 121|0x00000000e7900000, 0x00000000e7900000, 0x00000000e7a00000|  0%| F|  |TAMS 0x00000000e7900000| PB 0x00000000e7900000| Untracked 
| 122|0x00000000e7a00000, 0x00000000e7a00000, 0x00000000e7b00000|  0%| F|  |TAMS 0x00000000e7a00000| PB 0x00000000e7a00000| Untracked 
| 123|0x00000000e7b00000, 0x00000000e7b00000, 0x00000000e7c00000|  0%| F|  |TAMS 0x00000000e7b00000| PB 0x00000000e7b00000| Untracked 
| 124|0x00000000e7c00000, 0x00000000e7c00000, 0x00000000e7d00000|  0%| F|  |TAMS 0x00000000e7c00000| PB 0x00000000e7c00000| Untracked 
| 125|0x00000000e7d00000, 0x00000000e7d00000, 0x00000000e7e00000|  0%| F|  |TAMS 0x00000000e7d00000| PB 0x00000000e7d00000| Untracked 
| 126|0x00000000e7e00000, 0x00000000e7e00000, 0x00000000e7f00000|  0%| F|  |TAMS 0x00000000e7e00000| PB 0x00000000e7e00000| Untracked 
| 127|0x00000000e7f00000, 0x00000000e7f00000, 0x00000000e8000000|  0%| F|  |TAMS 0x00000000e7f00000| PB 0x00000000e7f00000| Untracked 
| 128|0x00000000e8000000, 0x00000000e8000000, 0x00000000e8100000|  0%| F|  |TAMS 0x00000000e8000000| PB 0x00000000e8000000| Untracked 
| 129|0x00000000e8100000, 0x00000000e8100000, 0x00000000e8200000|  0%| F|  |TAMS 0x00000000e8100000| PB 0x00000000e8100000| Untracked 
| 130|0x00000000e8200000, 0x00000000e8200000, 0x00000000e8300000|  0%| F|  |TAMS 0x00000000e8200000| PB 0x00000000e8200000| Untracked 
| 131|0x00000000e8300000, 0x00000000e8300000, 0x00000000e8400000|  0%| F|  |TAMS 0x00000000e8300000| PB 0x00000000e8300000| Untracked 
| 132|0x00000000e8400000, 0x00000000e8400000, 0x00000000e8500000|  0%| F|  |TAMS 0x00000000e8400000| PB 0x00000000e8400000| Untracked 
| 133|0x00000000e8500000, 0x00000000e8500000, 0x00000000e8600000|  0%| F|  |TAMS 0x00000000e8500000| PB 0x00000000e8500000| Untracked 
| 134|0x00000000e8600000, 0x00000000e8600000, 0x00000000e8700000|  0%| F|  |TAMS 0x00000000e8600000| PB 0x00000000e8600000| Untracked 
| 135|0x00000000e8700000, 0x00000000e8700000, 0x00000000e8800000|  0%| F|  |TAMS 0x00000000e8700000| PB 0x00000000e8700000| Untracked 
| 136|0x00000000e8800000, 0x00000000e8800000, 0x00000000e8900000|  0%| F|  |TAMS 0x00000000e8800000| PB 0x00000000e8800000| Untracked 
| 137|0x00000000e8900000, 0x00000000e8900000, 0x00000000e8a00000|  0%| F|  |TAMS 0x00000000e8900000| PB 0x00000000e8900000| Untracked 
| 138|0x00000000e8a00000, 0x00000000e8a00000, 0x00000000e8b00000|  0%| F|  |TAMS 0x00000000e8a00000| PB 0x00000000e8a00000| Untracked 
| 139|0x00000000e8b00000, 0x00000000e8b00000, 0x00000000e8c00000|  0%| F|  |TAMS 0x00000000e8b00000| PB 0x00000000e8b00000| Untracked 
| 140|0x00000000e8c00000, 0x00000000e8c00000, 0x00000000e8d00000|  0%| F|  |TAMS 0x00000000e8c00000| PB 0x00000000e8c00000| Untracked 
| 141|0x00000000e8d00000, 0x00000000e8d00000, 0x00000000e8e00000|  0%| F|  |TAMS 0x00000000e8d00000| PB 0x00000000e8d00000| Untracked 
| 142|0x00000000e8e00000, 0x00000000e8e00000, 0x00000000e8f00000|  0%| F|  |TAMS 0x00000000e8e00000| PB 0x00000000e8e00000| Untracked 
| 143|0x00000000e8f00000, 0x00000000e8f00000, 0x00000000e9000000|  0%| F|  |TAMS 0x00000000e8f00000| PB 0x00000000e8f00000| Untracked 
| 144|0x00000000e9000000, 0x00000000e9000000, 0x00000000e9100000|  0%| F|  |TAMS 0x00000000e9000000| PB 0x00000000e9000000| Untracked 
| 145|0x00000000e9100000, 0x00000000e9100000, 0x00000000e9200000|  0%| F|  |TAMS 0x00000000e9100000| PB 0x00000000e9100000| Untracked 
| 146|0x00000000e9200000, 0x00000000e9200000, 0x00000000e9300000|  0%| F|  |TAMS 0x00000000e9200000| PB 0x00000000e9200000| Untracked 
| 147|0x00000000e9300000, 0x00000000e9300000, 0x00000000e9400000|  0%| F|  |TAMS 0x00000000e9300000| PB 0x00000000e9300000| Untracked 
| 148|0x00000000e9400000, 0x00000000e9400000, 0x00000000e9500000|  0%| F|  |TAMS 0x00000000e9400000| PB 0x00000000e9400000| Untracked 
| 149|0x00000000e9500000, 0x00000000e9500000, 0x00000000e9600000|  0%| F|  |TAMS 0x00000000e9500000| PB 0x00000000e9500000| Untracked 
| 150|0x00000000e9600000, 0x00000000e9600000, 0x00000000e9700000|  0%| F|  |TAMS 0x00000000e9600000| PB 0x00000000e9600000| Untracked 
| 151|0x00000000e9700000, 0x00000000e9700000, 0x00000000e9800000|  0%| F|  |TAMS 0x00000000e9700000| PB 0x00000000e9700000| Untracked 
| 152|0x00000000e9800000, 0x00000000e9800000, 0x00000000e9900000|  0%| F|  |TAMS 0x00000000e9800000| PB 0x00000000e9800000| Untracked 
| 153|0x00000000e9900000, 0x00000000e9900000, 0x00000000e9a00000|  0%| F|  |TAMS 0x00000000e9900000| PB 0x00000000e9900000| Untracked 
| 154|0x00000000e9a00000, 0x00000000e9a00000, 0x00000000e9b00000|  0%| F|  |TAMS 0x00000000e9a00000| PB 0x00000000e9a00000| Untracked 
| 155|0x00000000e9b00000, 0x00000000e9b00000, 0x00000000e9c00000|  0%| F|  |TAMS 0x00000000e9b00000| PB 0x00000000e9b00000| Untracked 
| 156|0x00000000e9c00000, 0x00000000e9c00000, 0x00000000e9d00000|  0%| F|  |TAMS 0x00000000e9c00000| PB 0x00000000e9c00000| Untracked 
| 157|0x00000000e9d00000, 0x00000000e9d00000, 0x00000000e9e00000|  0%| F|  |TAMS 0x00000000e9d00000| PB 0x00000000e9d00000| Untracked 
| 158|0x00000000e9e00000, 0x00000000e9e00000, 0x00000000e9f00000|  0%| F|  |TAMS 0x00000000e9e00000| PB 0x00000000e9e00000| Untracked 
| 159|0x00000000e9f00000, 0x00000000e9f00000, 0x00000000ea000000|  0%| F|  |TAMS 0x00000000e9f00000| PB 0x00000000e9f00000| Untracked 
| 160|0x00000000ea000000, 0x00000000ea000000, 0x00000000ea100000|  0%| F|  |TAMS 0x00000000ea000000| PB 0x00000000ea000000| Untracked 
| 161|0x00000000ea100000, 0x00000000ea100000, 0x00000000ea200000|  0%| F|  |TAMS 0x00000000ea100000| PB 0x00000000ea100000| Untracked 
| 162|0x00000000ea200000, 0x00000000ea200000, 0x00000000ea300000|  0%| F|  |TAMS 0x00000000ea200000| PB 0x00000000ea200000| Untracked 
| 163|0x00000000ea300000, 0x00000000ea300000, 0x00000000ea400000|  0%| F|  |TAMS 0x00000000ea300000| PB 0x00000000ea300000| Untracked 
| 164|0x00000000ea400000, 0x00000000ea400000, 0x00000000ea500000|  0%| F|  |TAMS 0x00000000ea400000| PB 0x00000000ea400000| Untracked 
| 165|0x00000000ea500000, 0x00000000ea500000, 0x00000000ea600000|  0%| F|  |TAMS 0x00000000ea500000| PB 0x00000000ea500000| Untracked 
| 166|0x00000000ea600000, 0x00000000ea600000, 0x00000000ea700000|  0%| F|  |TAMS 0x00000000ea600000| PB 0x00000000ea600000| Untracked 
| 167|0x00000000ea700000, 0x00000000ea700000, 0x00000000ea800000|  0%| F|  |TAMS 0x00000000ea700000| PB 0x00000000ea700000| Untracked 
| 168|0x00000000ea800000, 0x00000000ea800000, 0x00000000ea900000|  0%| F|  |TAMS 0x00000000ea800000| PB 0x00000000ea800000| Untracked 
| 169|0x00000000ea900000, 0x00000000ea900000, 0x00000000eaa00000|  0%| F|  |TAMS 0x00000000ea900000| PB 0x00000000ea900000| Untracked 
| 170|0x00000000eaa00000, 0x00000000eaa00000, 0x00000000eab00000|  0%| F|  |TAMS 0x00000000eaa00000| PB 0x00000000eaa00000| Untracked 
| 171|0x00000000eab00000, 0x00000000eab00000, 0x00000000eac00000|  0%| F|  |TAMS 0x00000000eab00000| PB 0x00000000eab00000| Untracked 
| 172|0x00000000eac00000, 0x00000000eac00000, 0x00000000ead00000|  0%| F|  |TAMS 0x00000000eac00000| PB 0x00000000eac00000| Untracked 
| 173|0x00000000ead00000, 0x00000000ead00000, 0x00000000eae00000|  0%| F|  |TAMS 0x00000000ead00000| PB 0x00000000ead00000| Untracked 
| 174|0x00000000eae00000, 0x00000000eae00000, 0x00000000eaf00000|  0%| F|  |TAMS 0x00000000eae00000| PB 0x00000000eae00000| Untracked 
| 175|0x00000000eaf00000, 0x00000000eaf00000, 0x00000000eb000000|  0%| F|  |TAMS 0x00000000eaf00000| PB 0x00000000eaf00000| Untracked 
| 176|0x00000000eb000000, 0x00000000eb000000, 0x00000000eb100000|  0%| F|  |TAMS 0x00000000eb000000| PB 0x00000000eb000000| Untracked 
| 177|0x00000000eb100000, 0x00000000eb100000, 0x00000000eb200000|  0%| F|  |TAMS 0x00000000eb100000| PB 0x00000000eb100000| Untracked 
| 178|0x00000000eb200000, 0x00000000eb200000, 0x00000000eb300000|  0%| F|  |TAMS 0x00000000eb200000| PB 0x00000000eb200000| Untracked 
| 179|0x00000000eb300000, 0x00000000eb300000, 0x00000000eb400000|  0%| F|  |TAMS 0x00000000eb300000| PB 0x00000000eb300000| Untracked 
| 180|0x00000000eb400000, 0x00000000eb400000, 0x00000000eb500000|  0%| F|  |TAMS 0x00000000eb400000| PB 0x00000000eb400000| Untracked 
| 181|0x00000000eb500000, 0x00000000eb500000, 0x00000000eb600000|  0%| F|  |TAMS 0x00000000eb500000| PB 0x00000000eb500000| Untracked 
| 182|0x00000000eb600000, 0x00000000eb600000, 0x00000000eb700000|  0%| F|  |TAMS 0x00000000eb600000| PB 0x00000000eb600000| Untracked 
| 183|0x00000000eb700000, 0x00000000eb700000, 0x00000000eb800000|  0%| F|  |TAMS 0x00000000eb700000| PB 0x00000000eb700000| Untracked 
| 184|0x00000000eb800000, 0x00000000eb800000, 0x00000000eb900000|  0%| F|  |TAMS 0x00000000eb800000| PB 0x00000000eb800000| Untracked 
| 185|0x00000000eb900000, 0x00000000eb900000, 0x00000000eba00000|  0%| F|  |TAMS 0x00000000eb900000| PB 0x00000000eb900000| Untracked 
| 186|0x00000000eba00000, 0x00000000eba00000, 0x00000000ebb00000|  0%| F|  |TAMS 0x00000000eba00000| PB 0x00000000eba00000| Untracked 
| 187|0x00000000ebb00000, 0x00000000ebb00000, 0x00000000ebc00000|  0%| F|  |TAMS 0x00000000ebb00000| PB 0x00000000ebb00000| Untracked 
| 188|0x00000000ebc00000, 0x00000000ebc00000, 0x00000000ebd00000|  0%| F|  |TAMS 0x00000000ebc00000| PB 0x00000000ebc00000| Untracked 
| 189|0x00000000ebd00000, 0x00000000ebd00000, 0x00000000ebe00000|  0%| F|  |TAMS 0x00000000ebd00000| PB 0x00000000ebd00000| Untracked 
| 190|0x00000000ebe00000, 0x00000000ebe00000, 0x00000000ebf00000|  0%| F|  |TAMS 0x00000000ebe00000| PB 0x00000000ebe00000| Untracked 
| 191|0x00000000ebf00000, 0x00000000ebf00000, 0x00000000ec000000|  0%| F|  |TAMS 0x00000000ebf00000| PB 0x00000000ebf00000| Untracked 
| 192|0x00000000ec000000, 0x00000000ec000000, 0x00000000ec100000|  0%| F|  |TAMS 0x00000000ec000000| PB 0x00000000ec000000| Untracked 
| 193|0x00000000ec100000, 0x00000000ec100000, 0x00000000ec200000|  0%| F|  |TAMS 0x00000000ec100000| PB 0x00000000ec100000| Untracked 
| 194|0x00000000ec200000, 0x00000000ec200000, 0x00000000ec300000|  0%| F|  |TAMS 0x00000000ec200000| PB 0x00000000ec200000| Untracked 
| 195|0x00000000ec300000, 0x00000000ec380800, 0x00000000ec400000| 50%| E|  |TAMS 0x00000000ec300000| PB 0x00000000ec300000| Complete 
| 196|0x00000000ec400000, 0x00000000ec500000, 0x00000000ec500000|100%| E|CS|TAMS 0x00000000ec400000| PB 0x00000000ec400000| Complete 
| 197|0x00000000ec500000, 0x00000000ec600000, 0x00000000ec600000|100%| E|CS|TAMS 0x00000000ec500000| PB 0x00000000ec500000| Complete 
| 198|0x00000000ec600000, 0x00000000ec700000, 0x00000000ec700000|100%| E|CS|TAMS 0x00000000ec600000| PB 0x00000000ec600000| Complete 
| 199|0x00000000ec700000, 0x00000000ec800000, 0x00000000ec800000|100%| E|CS|TAMS 0x00000000ec700000| PB 0x00000000ec700000| Complete 
| 200|0x00000000ec800000, 0x00000000ec900000, 0x00000000ec900000|100%| E|CS|TAMS 0x00000000ec800000| PB 0x00000000ec800000| Complete 
| 201|0x00000000ec900000, 0x00000000eca00000, 0x00000000eca00000|100%| E|CS|TAMS 0x00000000ec900000| PB 0x00000000ec900000| Complete 
| 202|0x00000000eca00000, 0x00000000ecb00000, 0x00000000ecb00000|100%| E|CS|TAMS 0x00000000eca00000| PB 0x00000000eca00000| Complete 
| 203|0x00000000ecb00000, 0x00000000ecc00000, 0x00000000ecc00000|100%| E|CS|TAMS 0x00000000ecb00000| PB 0x00000000ecb00000| Complete 
| 204|0x00000000ecc00000, 0x00000000ecd00000, 0x00000000ecd00000|100%| E|CS|TAMS 0x00000000ecc00000| PB 0x00000000ecc00000| Complete 
| 205|0x00000000ecd00000, 0x00000000ece00000, 0x00000000ece00000|100%| E|CS|TAMS 0x00000000ecd00000| PB 0x00000000ecd00000| Complete 
| 206|0x00000000ece00000, 0x00000000ecf00000, 0x00000000ecf00000|100%| S|CS|TAMS 0x00000000ece00000| PB 0x00000000ece00000| Complete 
| 207|0x00000000ecf00000, 0x00000000ed000000, 0x00000000ed000000|100%| S|CS|TAMS 0x00000000ecf00000| PB 0x00000000ecf00000| Complete 
| 208|0x00000000ed000000, 0x00000000ed100000, 0x00000000ed100000|100%| S|CS|TAMS 0x00000000ed000000| PB 0x00000000ed000000| Complete 
| 209|0x00000000ed100000, 0x00000000ed200000, 0x00000000ed200000|100%| S|CS|TAMS 0x00000000ed100000| PB 0x00000000ed100000| Complete 
| 210|0x00000000ed200000, 0x00000000ed300000, 0x00000000ed300000|100%| S|CS|TAMS 0x00000000ed200000| PB 0x00000000ed200000| Complete 
| 211|0x00000000ed300000, 0x00000000ed400000, 0x00000000ed400000|100%| S|CS|TAMS 0x00000000ed300000| PB 0x00000000ed300000| Complete 
| 212|0x00000000ed400000, 0x00000000ed500000, 0x00000000ed500000|100%| S|CS|TAMS 0x00000000ed400000| PB 0x00000000ed400000| Complete 
| 213|0x00000000ed500000, 0x00000000ed600000, 0x00000000ed600000|100%| S|CS|TAMS 0x00000000ed500000| PB 0x00000000ed500000| Complete 
| 214|0x00000000ed600000, 0x00000000ed700000, 0x00000000ed700000|100%| S|CS|TAMS 0x00000000ed600000| PB 0x00000000ed600000| Complete 
| 215|0x00000000ed700000, 0x00000000ed800000, 0x00000000ed800000|100%| S|CS|TAMS 0x00000000ed700000| PB 0x00000000ed700000| Complete 
| 216|0x00000000ed800000, 0x00000000ed900000, 0x00000000ed900000|100%| S|CS|TAMS 0x00000000ed800000| PB 0x00000000ed800000| Complete 
| 217|0x00000000ed900000, 0x00000000eda00000, 0x00000000eda00000|100%| S|CS|TAMS 0x00000000ed900000| PB 0x00000000ed900000| Complete 
| 218|0x00000000eda00000, 0x00000000edb00000, 0x00000000edb00000|100%| E|CS|TAMS 0x00000000eda00000| PB 0x00000000eda00000| Complete 
| 219|0x00000000edb00000, 0x00000000edc00000, 0x00000000edc00000|100%| E|CS|TAMS 0x00000000edb00000| PB 0x00000000edb00000| Complete 
| 220|0x00000000edc00000, 0x00000000edd00000, 0x00000000edd00000|100%| E|CS|TAMS 0x00000000edc00000| PB 0x00000000edc00000| Complete 
| 221|0x00000000edd00000, 0x00000000ede00000, 0x00000000ede00000|100%| E|CS|TAMS 0x00000000edd00000| PB 0x00000000edd00000| Complete 
| 222|0x00000000ede00000, 0x00000000edf00000, 0x00000000edf00000|100%| E|CS|TAMS 0x00000000ede00000| PB 0x00000000ede00000| Complete 
| 223|0x00000000edf00000, 0x00000000ee000000, 0x00000000ee000000|100%| E|CS|TAMS 0x00000000edf00000| PB 0x00000000edf00000| Complete 
| 224|0x00000000ee000000, 0x00000000ee100000, 0x00000000ee100000|100%| E|CS|TAMS 0x00000000ee000000| PB 0x00000000ee000000| Complete 
| 225|0x00000000ee100000, 0x00000000ee200000, 0x00000000ee200000|100%| E|CS|TAMS 0x00000000ee100000| PB 0x00000000ee100000| Complete 
| 226|0x00000000ee200000, 0x00000000ee300000, 0x00000000ee300000|100%| E|CS|TAMS 0x00000000ee200000| PB 0x00000000ee200000| Complete 
| 227|0x00000000ee300000, 0x00000000ee400000, 0x00000000ee400000|100%| E|CS|TAMS 0x00000000ee300000| PB 0x00000000ee300000| Complete 
| 228|0x00000000ee400000, 0x00000000ee500000, 0x00000000ee500000|100%| E|CS|TAMS 0x00000000ee400000| PB 0x00000000ee400000| Complete 
| 229|0x00000000ee500000, 0x00000000ee600000, 0x00000000ee600000|100%| E|CS|TAMS 0x00000000ee500000| PB 0x00000000ee500000| Complete 
| 230|0x00000000ee600000, 0x00000000ee700000, 0x00000000ee700000|100%| E|CS|TAMS 0x00000000ee600000| PB 0x00000000ee600000| Complete 
| 231|0x00000000ee700000, 0x00000000ee800000, 0x00000000ee800000|100%| E|CS|TAMS 0x00000000ee700000| PB 0x00000000ee700000| Complete 
| 232|0x00000000ee800000, 0x00000000ee900000, 0x00000000ee900000|100%| E|CS|TAMS 0x00000000ee800000| PB 0x00000000ee800000| Complete 
| 233|0x00000000ee900000, 0x00000000eea00000, 0x00000000eea00000|100%| E|CS|TAMS 0x00000000ee900000| PB 0x00000000ee900000| Complete 
| 234|0x00000000eea00000, 0x00000000eeb00000, 0x00000000eeb00000|100%| E|CS|TAMS 0x00000000eea00000| PB 0x00000000eea00000| Complete 
| 235|0x00000000eeb00000, 0x00000000eec00000, 0x00000000eec00000|100%| E|CS|TAMS 0x00000000eeb00000| PB 0x00000000eeb00000| Complete 
| 236|0x00000000eec00000, 0x00000000eed00000, 0x00000000eed00000|100%| E|CS|TAMS 0x00000000eec00000| PB 0x00000000eec00000| Complete 
| 237|0x00000000eed00000, 0x00000000eee00000, 0x00000000eee00000|100%| E|CS|TAMS 0x00000000eed00000| PB 0x00000000eed00000| Complete 
| 238|0x00000000eee00000, 0x00000000eef00000, 0x00000000eef00000|100%| E|CS|TAMS 0x00000000eee00000| PB 0x00000000eee00000| Complete 
| 239|0x00000000eef00000, 0x00000000ef000000, 0x00000000ef000000|100%| E|CS|TAMS 0x00000000eef00000| PB 0x00000000eef00000| Complete 
| 240|0x00000000ef000000, 0x00000000ef100000, 0x00000000ef100000|100%| E|CS|TAMS 0x00000000ef000000| PB 0x00000000ef000000| Complete 
| 241|0x00000000ef100000, 0x00000000ef200000, 0x00000000ef200000|100%| E|CS|TAMS 0x00000000ef100000| PB 0x00000000ef100000| Complete 
| 242|0x00000000ef200000, 0x00000000ef300000, 0x00000000ef300000|100%| E|CS|TAMS 0x00000000ef200000| PB 0x00000000ef200000| Complete 
| 243|0x00000000ef300000, 0x00000000ef400000, 0x00000000ef400000|100%| E|CS|TAMS 0x00000000ef300000| PB 0x00000000ef300000| Complete 
| 244|0x00000000ef400000, 0x00000000ef500000, 0x00000000ef500000|100%| E|CS|TAMS 0x00000000ef400000| PB 0x00000000ef400000| Complete 
| 245|0x00000000ef500000, 0x00000000ef600000, 0x00000000ef600000|100%| E|CS|TAMS 0x00000000ef500000| PB 0x00000000ef500000| Complete 
| 246|0x00000000ef600000, 0x00000000ef700000, 0x00000000ef700000|100%| E|CS|TAMS 0x00000000ef600000| PB 0x00000000ef600000| Complete 
| 247|0x00000000ef700000, 0x00000000ef800000, 0x00000000ef800000|100%| E|CS|TAMS 0x00000000ef700000| PB 0x00000000ef700000| Complete 
| 248|0x00000000ef800000, 0x00000000ef900000, 0x00000000ef900000|100%| E|CS|TAMS 0x00000000ef800000| PB 0x00000000ef800000| Complete 
| 249|0x00000000ef900000, 0x00000000efa00000, 0x00000000efa00000|100%| E|CS|TAMS 0x00000000ef900000| PB 0x00000000ef900000| Complete 
| 250|0x00000000efa00000, 0x00000000efb00000, 0x00000000efb00000|100%| E|CS|TAMS 0x00000000efa00000| PB 0x00000000efa00000| Complete 
| 251|0x00000000efb00000, 0x00000000efc00000, 0x00000000efc00000|100%| E|CS|TAMS 0x00000000efb00000| PB 0x00000000efb00000| Complete 
| 252|0x00000000efc00000, 0x00000000efd00000, 0x00000000efd00000|100%| E|CS|TAMS 0x00000000efc00000| PB 0x00000000efc00000| Complete 
| 253|0x00000000efd00000, 0x00000000efe00000, 0x00000000efe00000|100%| E|CS|TAMS 0x00000000efd00000| PB 0x00000000efd00000| Complete 
| 254|0x00000000efe00000, 0x00000000eff00000, 0x00000000eff00000|100%| E|CS|TAMS 0x00000000efe00000| PB 0x00000000efe00000| Complete 
| 255|0x00000000eff00000, 0x00000000f0000000, 0x00000000f0000000|100%| E|CS|TAMS 0x00000000eff00000| PB 0x00000000eff00000| Complete 

Card table byte_map: [0x000001b4d8340000,0x000001b4d8440000] _byte_map_base: 0x000001b4d7c40000

Marking Bits: (CMBitMap*) 0x000001b4c0adde50
 Bits: [0x000001b4d8440000, 0x000001b4d8c40000)

Polling page: 0x000001b4c01a0000

Metaspace:

Usage:
  Non-class:     22.96 MB used.
      Class:      4.06 MB used.
       Both:     27.02 MB used.

Virtual space:
  Non-class space:       64.00 MB reserved,      23.50 MB ( 37%) committed,  1 nodes.
      Class space:      320.00 MB reserved,       4.56 MB (  1%) committed,  1 nodes.
             Both:      384.00 MB reserved,      28.06 MB (  7%) committed. 

Chunk freelists:
   Non-Class:  8.11 MB
       Class:  11.42 MB
        Both:  19.53 MB

MaxMetaspaceSize: 384.00 MB
CompressedClassSpaceSize: 320.00 MB
Initial GC threshold: 21.00 MB
Current GC threshold: 35.12 MB
CDS: on
 - commit_granule_bytes: 65536.
 - commit_granule_words: 8192.
 - virtual_space_node_default_size: 8388608.
 - enlarge_chunks_in_place: 1.
 - use_allocation_guard: 0.


Internal statistics:

num_allocs_failed_limit: 3.
num_arena_births: 1504.
num_arena_deaths: 0.
num_vsnodes_births: 2.
num_vsnodes_deaths: 0.
num_space_committed: 449.
num_space_uncommitted: 0.
num_chunks_returned_to_freelist: 3.
num_chunks_taken_from_freelist: 2748.
num_chunk_merges: 3.
num_chunk_splits: 1767.
num_chunks_enlarged: 1103.
num_inconsistent_stats: 0.

CodeHeap 'non-profiled nmethods': size=120000Kb used=2069Kb max_used=2069Kb free=117931Kb
 bounds [0x000001b4d09d0000, 0x000001b4d0c40000, 0x000001b4d7f00000]
CodeHeap 'profiled nmethods': size=120000Kb used=7036Kb max_used=7036Kb free=112964Kb
 bounds [0x000001b4c8f00000, 0x000001b4c95e0000, 0x000001b4d0430000]
CodeHeap 'non-nmethods': size=5760Kb used=1689Kb max_used=1732Kb free=4070Kb
 bounds [0x000001b4d0430000, 0x000001b4d06a0000, 0x000001b4d09d0000]
 total_blobs=4080 nmethods=3495 adapters=489
 compilation: enabled
              stopped_count=0, restarted_count=0
 full_count=0

Compilation events (20 events):
Event: 4.698 Thread 0x000001b4db808340 3490       3       java.lang.CharacterDataLatin1::isJavaIdentifierPart (20 bytes)
Event: 4.698 Thread 0x000001b4db808340 nmethod 3490 0x000001b4c95cd390 code [0x000001b4c95cd540, 0x000001b4c95cd748]
Event: 4.711 Thread 0x000001b4db808340 3491       3       jdk.internal.reflect.ReflectionFactory::newConstructorAccessor (144 bytes)
Event: 4.712 Thread 0x000001b4db808340 nmethod 3491 0x000001b4c95cd890 code [0x000001b4c95cdac0, 0x000001b4c95ce148]
Event: 4.712 Thread 0x000001b4db808340 3492   !   3       jdk.internal.reflect.MethodHandleAccessorFactory::newConstructorAccessor (84 bytes)
Event: 4.714 Thread 0x000001b4db808340 nmethod 3492 0x000001b4c95ce410 code [0x000001b4c95ce780, 0x000001b4c95cfbf8]
Event: 4.714 Thread 0x000001b4db808340 3493       3       jdk.internal.reflect.ConstructorAccessorImpl::<init> (5 bytes)
Event: 4.714 Thread 0x000001b4db808340 nmethod 3493 0x000001b4c95d0490 code [0x000001b4c95d0640, 0x000001b4c95d0808]
Event: 4.718 Thread 0x000001b4db808340 3495       3       jdk.internal.reflect.ReflectionFactory::copyConstructor (11 bytes)
Event: 4.718 Thread 0x000001b4db808340 nmethod 3495 0x000001b4c95d0910 code [0x000001b4c95d0ac0, 0x000001b4c95d0ca8]
Event: 4.718 Thread 0x000001b4db808340 3496       3       java.lang.reflect.ReflectAccess::copyConstructor (5 bytes)
Event: 4.719 Thread 0x000001b4db808340 nmethod 3496 0x000001b4c95d0e10 code [0x000001b4c95d0fc0, 0x000001b4c95d1100]
Event: 4.719 Thread 0x000001b4db808340 3497       3       java.lang.reflect.Constructor::copy (72 bytes)
Event: 4.719 Thread 0x000001b4db808340 nmethod 3497 0x000001b4c95d1210 code [0x000001b4c95d13e0, 0x000001b4c95d17a0]
Event: 4.721 Thread 0x000001b4db808340 3498   !   3       java.net.URL::<init> (543 bytes)
Event: 4.727 Thread 0x000001b4db808340 nmethod 3498 0x000001b4c95d1890 code [0x000001b4c95d1ea0, 0x000001b4c95d53a0]
Event: 4.731 Thread 0x000001b4db808340 3499       1       java.lang.reflect.Constructor::getSharedParameterTypes (5 bytes)
Event: 4.732 Thread 0x000001b4db808340 nmethod 3499 0x000001b4d0bd5110 code [0x000001b4d0bd52a0, 0x000001b4d0bd5368]
Event: 4.733 Thread 0x000001b4db808340 3500   !   3       jdk.internal.loader.Resource::getBytes (244 bytes)
Event: 4.735 Thread 0x000001b4db808340 nmethod 3500 0x000001b4c95d7110 code [0x000001b4c95d7440, 0x000001b4c95d8bb8]

GC Heap History (8 events):
Event: 0.397 GC heap before
{Heap before GC invocations=0 (full 0):
 garbage-first heap   total 262144K, used 23552K [0x00000000e0000000, 0x0000000100000000)
  region size 1024K, 23 young (23552K), 0 survivors (0K)
 Metaspace       used 872K, committed 1024K, reserved 393216K
  class space    used 68K, committed 128K, reserved 327680K
}
Event: 0.401 GC heap after
{Heap after GC invocations=1 (full 0):
 garbage-first heap   total 262144K, used 1535K [0x00000000e0000000, 0x0000000100000000)
  region size 1024K, 2 young (2048K), 2 survivors (2048K)
 Metaspace       used 872K, committed 1024K, reserved 393216K
  class space    used 68K, committed 128K, reserved 327680K
}
Event: 1.131 GC heap before
{Heap before GC invocations=1 (full 0):
 garbage-first heap   total 262144K, used 40447K [0x00000000e0000000, 0x0000000100000000)
  region size 1024K, 38 young (38912K), 2 survivors (2048K)
 Metaspace       used 4357K, committed 4544K, reserved 393216K
  class space    used 548K, committed 640K, reserved 327680K
}
Event: 1.138 GC heap after
{Heap after GC invocations=2 (full 0):
 garbage-first heap   total 262144K, used 10738K [0x00000000e0000000, 0x0000000100000000)
  region size 1024K, 5 young (5120K), 5 survivors (5120K)
 Metaspace       used 4357K, committed 4544K, reserved 393216K
  class space    used 548K, committed 640K, reserved 327680K
}
Event: 2.999 GC heap before
{Heap before GC invocations=2 (full 0):
 garbage-first heap   total 262144K, used 118258K [0x00000000e0000000, 0x0000000100000000)
  region size 1024K, 108 young (110592K), 5 survivors (5120K)
 Metaspace       used 16013K, committed 16512K, reserved 393216K
  class space    used 2198K, committed 2432K, reserved 327680K
}
Event: 3.016 GC heap after
{Heap after GC invocations=3 (full 0):
 garbage-first heap   total 262144K, used 21034K [0x00000000e0000000, 0x0000000100000000)
  region size 1024K, 14 young (14336K), 14 survivors (14336K)
 Metaspace       used 16013K, committed 16512K, reserved 393216K
  class space    used 2198K, committed 2432K, reserved 327680K
}
Event: 3.810 GC heap before
{Heap before GC invocations=3 (full 0):
 garbage-first heap   total 262144K, used 57898K [0x00000000e0000000, 0x0000000100000000)
  region size 1024K, 52 young (53248K), 14 survivors (14336K)
 Metaspace       used 20868K, committed 21504K, reserved 393216K
  class space    used 3038K, committed 3328K, reserved 327680K
}
Event: 3.821 GC heap after
{Heap after GC invocations=4 (full 0):
 garbage-first heap   total 262144K, used 24082K [0x00000000e0000000, 0x0000000100000000)
  region size 1024K, 12 young (12288K), 12 survivors (12288K)
 Metaspace       used 20868K, committed 21504K, reserved 393216K
  class space    used 3038K, committed 3328K, reserved 327680K
}

Dll operation events (15 events):
Event: 0.011 Loaded shared library C:\Program Files\Java\jdk-21\bin\java.dll
Event: 0.055 Loaded shared library C:\Program Files\Java\jdk-21\bin\jsvml.dll
Event: 0.104 Loaded shared library C:\Program Files\Java\jdk-21\bin\zip.dll
Event: 0.108 Loaded shared library C:\Program Files\Java\jdk-21\bin\instrument.dll
Event: 0.116 Loaded shared library C:\Program Files\Java\jdk-21\bin\net.dll
Event: 0.118 Loaded shared library C:\Program Files\Java\jdk-21\bin\nio.dll
Event: 0.123 Loaded shared library C:\Program Files\Java\jdk-21\bin\zip.dll
Event: 0.403 Loaded shared library C:\Program Files\Java\jdk-21\bin\jimage.dll
Event: 0.560 Loaded shared library C:\Program Files\Java\jdk-21\bin\verify.dll
Event: 0.696 Loaded shared library C:\Users\Computador\.gradle\native\1def1411415f61bf3af743bc5b6707747c0891f09f0c88961ee8f79bc544acac\windows-amd64\native-platform.dll
Event: 0.704 Loaded shared library C:\Users\Computador\.gradle\native\0.2.7\x86_64-windows-gnu\gradle-fileevents.dll
Event: 1.931 Loaded shared library C:\Program Files\Java\jdk-21\bin\management.dll
Event: 1.937 Loaded shared library C:\Program Files\Java\jdk-21\bin\management_ext.dll
Event: 2.104 Loaded shared library C:\Program Files\Java\jdk-21\bin\extnet.dll
Event: 2.363 Loaded shared library C:\Program Files\Java\jdk-21\bin\sunmscapi.dll

Deoptimization events (20 events):
Event: 4.644 Thread 0x000001b4f6f4fe50 Uncommon trap: trap_request=0xffffff45 fr.pc=0x000001b4d0b84334 relative=0x0000000000002db4
Event: 4.644 Thread 0x000001b4f6f4fe50 Uncommon trap: reason=unstable_if action=reinterpret pc=0x000001b4d0b84334 method=java.lang.String.regionMatches(ZILjava/lang/String;II)Z @ 36 c2
Event: 4.644 Thread 0x000001b4f6f4fe50 DEOPT PACKING pc=0x000001b4d0b84334 sp=0x0000000e63ffa1f0
Event: 4.644 Thread 0x000001b4f6f4fe50 DEOPT UNPACKING pc=0x000001b4d0487da2 sp=0x0000000e63ffa0f0 mode 2
Event: 4.644 Thread 0x000001b4f6f4fe50 Uncommon trap: trap_request=0xffffffde fr.pc=0x000001b4d0a39034 relative=0x00000000000007b4
Event: 4.644 Thread 0x000001b4f6f4fe50 Uncommon trap: reason=class_check action=maybe_recompile pc=0x000001b4d0a39034 method=jdk.internal.loader.URLClassPath.getLoader(I)Ljdk/internal/loader/URLClassPath$Loader; @ 88 c2
Event: 4.644 Thread 0x000001b4f6f4fe50 DEOPT PACKING pc=0x000001b4d0a39034 sp=0x0000000e63ffa4f0
Event: 4.644 Thread 0x000001b4f6f4fe50 DEOPT UNPACKING pc=0x000001b4d0487da2 sp=0x0000000e63ffa4b0 mode 2
Event: 4.644 Thread 0x000001b4f6f4fe50 Uncommon trap: trap_request=0xffffffde fr.pc=0x000001b4d0b644a8 relative=0x00000000000042c8
Event: 4.644 Thread 0x000001b4f6f4fe50 Uncommon trap: reason=class_check action=maybe_recompile pc=0x000001b4d0b644a8 method=jdk.internal.loader.URLClassPath.getResource(Ljava/lang/String;Z)Ljdk/internal/loader/Resource; @ 53 c2
Event: 4.644 Thread 0x000001b4f6f4fe50 DEOPT PACKING pc=0x000001b4d0b644a8 sp=0x0000000e63ffa580
Event: 4.644 Thread 0x000001b4f6f4fe50 DEOPT UNPACKING pc=0x000001b4d0487da2 sp=0x0000000e63ffa508 mode 2
Event: 4.646 Thread 0x000001b4f6f4fe50 Uncommon trap: trap_request=0xffffff45 fr.pc=0x000001b4d0af7f18 relative=0x00000000000000f8
Event: 4.646 Thread 0x000001b4f6f4fe50 Uncommon trap: reason=unstable_if action=reinterpret pc=0x000001b4d0af7f18 method=java.lang.ClassLoader.getClassLoadingLock(Ljava/lang/String;)Ljava/lang/Object; @ 6 c2
Event: 4.646 Thread 0x000001b4f6f4fe50 DEOPT PACKING pc=0x000001b4d0af7f18 sp=0x0000000e63ff8bf0
Event: 4.646 Thread 0x000001b4f6f4fe50 DEOPT UNPACKING pc=0x000001b4d0487da2 sp=0x0000000e63ff8b80 mode 2
Event: 4.648 Thread 0x000001b4f6f4fe50 Uncommon trap: trap_request=0xffffff45 fr.pc=0x000001b4d0b36f4c relative=0x00000000000008cc
Event: 4.648 Thread 0x000001b4f6f4fe50 Uncommon trap: reason=unstable_if action=reinterpret pc=0x000001b4d0b36f4c method=java.lang.Class.getPackageName()Ljava/lang/String; @ 55 c2
Event: 4.648 Thread 0x000001b4f6f4fe50 DEOPT PACKING pc=0x000001b4d0b36f4c sp=0x0000000e63ffa2b0
Event: 4.648 Thread 0x000001b4f6f4fe50 DEOPT UNPACKING pc=0x000001b4d0487da2 sp=0x0000000e63ffa280 mode 2

Classes loaded (20 events):
Event: 4.530 Loading class java/nio/file/FileVisitResult
Event: 4.530 Loading class java/nio/file/FileVisitResult done
Event: 4.571 Loading class java/util/stream/Streams$RangeIntSpliterator
Event: 4.571 Loading class java/util/stream/Streams$RangeIntSpliterator done
Event: 4.643 Loading class jdk/internal/loader/URLClassPath$FileLoader
Event: 4.644 Loading class jdk/internal/loader/URLClassPath$FileLoader done
Event: 4.644 Loading class jdk/internal/loader/URLClassPath$FileLoader$1
Event: 4.644 Loading class jdk/internal/loader/URLClassPath$FileLoader$1 done
Event: 4.658 Loading class java/beans/Transient
Event: 4.658 Loading class java/beans/Transient done
Event: 4.666 Loading class java/util/stream/IntPipeline$1
Event: 4.666 Loading class java/util/stream/IntPipeline$1 done
Event: 4.667 Loading class java/util/stream/IntPipeline$1$1
Event: 4.667 Loading class java/util/stream/IntPipeline$1$1 done
Event: 4.676 Loading class java/lang/IllegalAccessError
Event: 4.676 Loading class java/lang/IllegalAccessError done
Event: 4.682 Loading class java/lang/Process
Event: 4.682 Loading class java/lang/Process done
Event: 4.682 Loading class java/lang/ProcessBuilder
Event: 4.682 Loading class java/lang/ProcessBuilder done

Classes unloaded (0 events):
No events

Classes redefined (0 events):
No events

Internal exceptions (20 events):
Event: 4.136 Thread 0x000001b4f6f4fe50 Exception <a 'java/lang/NoSuchMethodError'{0x00000000ef04f3b0}: 'java.lang.Object java.lang.invoke.DirectMethodHandle$Holder.invokeVirtual(java.lang.Object, java.lang.Object, java.lang.Object, java.lang.Object, java.lang.Object, java.lang.Object, java.lang.Object, java.lang.Object, java.lang.Object, java.lang.Object, java.lang.Object, java.lang.Object, java.lang.Object)'> (0x00000000ef04f3b0) 
thrown [s\open\src\hotspot\share\interpreter\linkResolver.cpp, line 773]
Event: 4.136 Thread 0x000001b4f6f4fe50 Exception <a 'java/lang/NoSuchMethodError'{0x00000000ef0545b8}: 'java.lang.Object java.lang.invoke.DirectMethodHandle$Holder.invokeSpecial(java.lang.Object, java.lang.Object, java.lang.Object, java.lang.Object, java.lang.Object, java.lang.Object, java.lang.Object, java.lang.Object, java.lang.Object, java.lang.Object, java.lang.Object, java.lang.Object, java.lang.Object, java.lang.Object)'> (0x00000000ef0545b8) 
thrown [s\open\src\hotspot\share\interpreter\linkResolver.cpp, line 773]
Event: 4.136 Thread 0x000001b4f6f4fe50 Exception <a 'java/lang/NoSuchMethodError'{0x00000000ef0592f8}: 'java.lang.Object java.lang.invoke.DelegatingMethodHandle$Holder.reinvoke_L(java.lang.Object, java.lang.Object, java.lang.Object, java.lang.Object, java.lang.Object, java.lang.Object, java.lang.Object, java.lang.Object, java.lang.Object, java.lang.Object, java.lang.Object, java.lang.Object, java.lang.Object)'> (0x00000000ef0592f8) 
thrown [s\open\src\hotspot\share\interpreter\linkResolver.cpp, line 773]
Event: 4.169 Thread 0x000001b4f6f4fe50 Exception <a 'java/lang/NoSuchMethodError'{0x00000000eefe9010}: 'void java.lang.invoke.DirectMethodHandle$Holder.invokeStaticInit(java.lang.Object, java.lang.Object)'> (0x00000000eefe9010) 
thrown [s\open\src\hotspot\share\interpreter\linkResolver.cpp, line 773]
Event: 4.247 Thread 0x000001b4f6f4fe50 Exception <a 'java/lang/NoSuchMethodError'{0x00000000eebc0b58}: 'java.lang.Object java.lang.invoke.DirectMethodHandle$Holder.newInvokeSpecial(java.lang.Object, java.lang.Object, java.lang.Object, java.lang.Object, java.lang.Object, java.lang.Object, java.lang.Object, java.lang.Object, java.lang.Object)'> (0x00000000eebc0b58) 
thrown [s\open\src\hotspot\share\interpreter\linkResolver.cpp, line 773]
Event: 4.303 Thread 0x000001b4f6f4fe50 Exception <a 'java/lang/NoSuchMethodError'{0x00000000ee700998}: 'int java.lang.invoke.DirectMethodHandle$Holder.invokeVirtual(java.lang.Object, java.lang.Object)'> (0x00000000ee700998) 
thrown [s\open\src\hotspot\share\interpreter\linkResolver.cpp, line 773]
Event: 4.355 Thread 0x000001b4f6f4fe50 Exception <a 'java/lang/NoSuchMethodError'{0x00000000ee5d6748}: 'void java.lang.invoke.DirectMethodHandle$Holder.invokeInterface(java.lang.Object, java.lang.Object, java.lang.Object, java.lang.Object, java.lang.Object)'> (0x00000000ee5d6748) 
thrown [s\open\src\hotspot\share\interpreter\linkResolver.cpp, line 773]
Event: 4.360 Thread 0x000001b4f6f4fe50 Exception <a 'java/lang/NoSuchMethodError'{0x00000000ee416770}: 'void java.lang.invoke.DirectMethodHandle$Holder.invokeStatic(java.lang.Object, java.lang.Object, java.lang.Object, java.lang.Object, java.lang.Object, java.lang.Object)'> (0x00000000ee416770) 
thrown [s\open\src\hotspot\share\interpreter\linkResolver.cpp, line 773]
Event: 4.487 Thread 0x000001b4f6f4fe50 Exception <a 'java/lang/IncompatibleClassChangeError'{0x00000000edc0bcc8}: Found class java.lang.Object, but interface was expected> (0x00000000edc0bcc8) 
thrown [s\open\src\hotspot\share\interpreter\linkResolver.cpp, line 840]
Event: 4.510 Thread 0x000001b4f6f4fe50 Exception <a 'java/lang/NoSuchMethodError'{0x00000000edb221b0}: 'java.lang.Object java.lang.invoke.DirectMethodHandle$Holder.newInvokeSpecial(java.lang.Object, java.lang.Object, long)'> (0x00000000edb221b0) 
thrown [s\open\src\hotspot\share\interpreter\linkResolver.cpp, line 773]
Event: 4.510 Thread 0x000001b4f6f4fe50 Exception <a 'java/lang/NoSuchMethodError'{0x00000000edb26568}: 'java.lang.Object java.lang.invoke.Invokers$Holder.linkToTargetMethod(java.lang.Object, long, java.lang.Object)'> (0x00000000edb26568) 
thrown [s\open\src\hotspot\share\interpreter\linkResolver.cpp, line 773]
Event: 4.562 Thread 0x000001b4f6f4fe50 Exception <a 'java/lang/NoSuchMethodError'{0x00000000ecda6380}: 'int java.lang.invoke.DirectMethodHandle$Holder.invokeInterface(java.lang.Object, java.lang.Object)'> (0x00000000ecda6380) 
thrown [s\open\src\hotspot\share\interpreter\linkResolver.cpp, line 773]
Event: 4.570 Thread 0x000001b4f6f4fe50 Exception <a 'java/lang/NoSuchMethodError'{0x00000000ecc30ef8}: 'java.lang.Object java.lang.invoke.DirectMethodHandle$Holder.invokeVirtual(java.lang.Object, java.lang.Object, int)'> (0x00000000ecc30ef8) 
thrown [s\open\src\hotspot\share\interpreter\linkResolver.cpp, line 773]
Event: 4.583 Thread 0x000001b4f6f4fe50 Exception <a 'java/lang/NoSuchMethodError'{0x00000000eccde348}: 'java.lang.Object java.lang.invoke.DirectMethodHandle$Holder.invokeStatic(java.lang.Object, java.lang.Object, int, java.lang.Object)'> (0x00000000eccde348) 
thrown [s\open\src\hotspot\share\interpreter\linkResolver.cpp, line 773]
Event: 4.583 Thread 0x000001b4f6f4fe50 Exception <a 'java/lang/NoSuchMethodError'{0x00000000ecce5720}: 'java.lang.Object java.lang.invoke.DirectMethodHandle$Holder.newInvokeSpecial(java.lang.Object, java.lang.Object, int, java.lang.Object)'> (0x00000000ecce5720) 
thrown [s\open\src\hotspot\share\interpreter\linkResolver.cpp, line 773]
Event: 4.584 Thread 0x000001b4f6f4fe50 Exception <a 'java/lang/NoSuchMethodError'{0x00000000ecce9e98}: 'java.lang.Object java.lang.invoke.DirectMethodHandle$Holder.invokeSpecial(java.lang.Object, java.lang.Object, java.lang.Object, int, java.lang.Object)'> (0x00000000ecce9e98) 
thrown [s\open\src\hotspot\share\interpreter\linkResolver.cpp, line 773]
Event: 4.642 Thread 0x000001b4f6f4fe50 Exception <a 'java/lang/NoSuchMethodError'{0x00000000ec96a588}: 'void java.lang.invoke.DirectMethodHandle$Holder.invokeInterface(java.lang.Object, java.lang.Object, java.lang.Object, java.lang.Object, java.lang.Object, java.lang.Object, java.lang.Object)'> (0x00000000ec96a588) 
thrown [s\open\src\hotspot\share\interpreter\linkResolver.cpp, line 773]
Event: 4.642 Thread 0x000001b4f6f4fe50 Exception <a 'java/lang/NoSuchMethodError'{0x00000000ec96eee0}: 'void java.lang.invoke.DelegatingMethodHandle$Holder.reinvoke_L(java.lang.Object, java.lang.Object, java.lang.Object, java.lang.Object, java.lang.Object, java.lang.Object, java.lang.Object)'> (0x00000000ec96eee0) 
thrown [s\open\src\hotspot\share\interpreter\linkResolver.cpp, line 773]
Event: 4.681 Thread 0x000001b4f6f4fe50 Exception <a 'java/lang/NoSuchMethodError'{0x00000000ec79e9b8}: 'java.lang.Object java.lang.invoke.DirectMethodHandle$Holder.invokeStaticInit(java.lang.Object, java.lang.Object, java.lang.Object, java.lang.Object, java.lang.Object, java.lang.Object, java.lang.Object)'> (0x00000000ec79e9b8) 
thrown [s\open\src\hotspot\share\interpreter\linkResolver.cpp, line 773]
Event: 4.685 Thread 0x000001b4f6f4fe50 Exception <a 'java/lang/NoSuchMethodError'{0x00000000ec7c4d68}: 'java.lang.Object java.lang.invoke.DirectMethodHandle$Holder.invokeSpecial(java.lang.Object, java.lang.Object, java.lang.Object, int, java.lang.Object, java.lang.Object)'> (0x00000000ec7c4d68) 
thrown [s\open\src\hotspot\share\interpreter\linkResolver.cpp, line 773]

ZGC Phase Switch (0 events):
No events

VM Operations (20 events):
Event: 3.810 Executing VM operation: CollectForMetadataAllocation (Metadata GC Threshold)
Event: 3.821 Executing VM operation: CollectForMetadataAllocation (Metadata GC Threshold) done
Event: 3.829 Executing VM operation: G1PauseRemark
Event: 3.832 Executing VM operation: G1PauseRemark done
Event: 3.834 Executing VM operation: G1PauseCleanup
Event: 3.834 Executing VM operation: G1PauseCleanup done
Event: 4.333 Executing VM operation: HandshakeAllThreads (Deoptimize)
Event: 4.333 Executing VM operation: HandshakeAllThreads (Deoptimize) done
Event: 4.485 Executing VM operation: HandshakeAllThreads (Deoptimize)
Event: 4.485 Executing VM operation: HandshakeAllThreads (Deoptimize) done
Event: 4.489 Executing VM operation: HandshakeAllThreads (Deoptimize)
Event: 4.490 Executing VM operation: HandshakeAllThreads (Deoptimize) done
Event: 4.512 Executing VM operation: HandshakeAllThreads (Deoptimize)
Event: 4.512 Executing VM operation: HandshakeAllThreads (Deoptimize) done
Event: 4.645 Executing VM operation: HandshakeAllThreads (Deoptimize)
Event: 4.645 Executing VM operation: HandshakeAllThreads (Deoptimize) done
Event: 4.645 Executing VM operation: HandshakeAllThreads (Deoptimize)
Event: 4.645 Executing VM operation: HandshakeAllThreads (Deoptimize) done
Event: 4.698 Executing VM operation: ICBufferFull
Event: 4.698 Executing VM operation: ICBufferFull done

Events (20 events):
Event: 1.970 Thread 0x000001b4db6c7470 Thread added: 0x000001b4db6c7470
Event: 2.236 Thread 0x000001b4db6c7b00 Thread added: 0x000001b4db6c7b00
Event: 2.328 Thread 0x000001b4db6c6750 Thread added: 0x000001b4db6c6750
Event: 2.382 Thread 0x000001b4f6f504e0 Thread added: 0x000001b4f6f504e0
Event: 2.386 Thread 0x000001b4f6f4eaa0 Thread added: 0x000001b4f6f4eaa0
Event: 2.428 Thread 0x000001b4f6f4f130 Thread added: 0x000001b4f6f4f130
Event: 2.438 Thread 0x000001b4f6f4fe50 Thread added: 0x000001b4f6f4fe50
Event: 2.450 Thread 0x000001b4f6f4dd80 Thread added: 0x000001b4f6f4dd80
Event: 2.454 Thread 0x000001b4f6f4d6f0 Thread added: 0x000001b4f6f4d6f0
Event: 2.457 Thread 0x000001b4f6f4d060 Thread added: 0x000001b4f6f4d060
Event: 2.845 Thread 0x000001b4f6f50b70 Thread added: 0x000001b4f6f50b70
Event: 2.852 Thread 0x000001b4f6f4e410 Thread added: 0x000001b4f6f4e410
Event: 2.885 Thread 0x000001b4f6f532d0 Thread added: 0x000001b4f6f532d0
Event: 3.134 Thread 0x000001b4f750a950 Thread added: 0x000001b4f750a950
Event: 4.039 Thread 0x000001b4f6f53ff0 Thread added: 0x000001b4f6f53ff0
Event: 4.055 Thread 0x000001b4f6f54680 Thread added: 0x000001b4f6f54680
Event: 4.294 Thread 0x000001b4f6f51200 Thread added: 0x000001b4f6f51200
Event: 4.301 Thread 0x000001b4f6f51890 Thread added: 0x000001b4f6f51890
Event: 4.584 Thread 0x000001b4f6f51f20 Thread added: 0x000001b4f6f51f20
Event: 4.631 Thread 0x000001b4f6f525b0 Thread added: 0x000001b4f6f525b0


Dynamic libraries:
0x00007ff7fd470000 - 0x00007ff7fd480000 	C:\Program Files\Java\jdk-21\bin\java.exe
0x00007ff80d220000 - 0x00007ff80d488000 	C:\WINDOWS\SYSTEM32\ntdll.dll
0x00007ff80bfe0000 - 0x00007ff80c0a9000 	C:\WINDOWS\System32\KERNEL32.DLL
0x00007ff80a3b0000 - 0x00007ff80a7a2000 	C:\WINDOWS\System32\KERNELBASE.dll
0x00007ff80ade0000 - 0x00007ff80af2b000 	C:\WINDOWS\System32\ucrtbase.dll
0x00007fffeb520000 - 0x00007fffeb53b000 	C:\Program Files\Java\jdk-21\bin\VCRUNTIME140.dll
0x00007fffebe40000 - 0x00007fffebe59000 	C:\Program Files\Java\jdk-21\bin\jli.dll
0x00007ff80bf20000 - 0x00007ff80bfd4000 	C:\WINDOWS\System32\ADVAPI32.dll
0x00007ff80bd70000 - 0x00007ff80be19000 	C:\WINDOWS\System32\msvcrt.dll
0x00007ff80b9f0000 - 0x00007ff80ba96000 	C:\WINDOWS\System32\sechost.dll
0x00007ff80bc50000 - 0x00007ff80bd68000 	C:\WINDOWS\System32\RPCRT4.dll
0x00007ff80b120000 - 0x00007ff80b2e5000 	C:\WINDOWS\System32\USER32.dll
0x00007ff80ac60000 - 0x00007ff80ac87000 	C:\WINDOWS\System32\win32u.dll
0x00007ffff5d50000 - 0x00007ffff5fe3000 	C:\WINDOWS\WinSxS\amd64_microsoft.windows.common-controls_6595b64144ccf1df_6.0.26100.6899_none_3e0efeeae32e88c1\COMCTL32.dll
0x00007ff80c310000 - 0x00007ff80c33b000 	C:\WINDOWS\System32\GDI32.dll
0x00007ff80a7b0000 - 0x00007ff80a8dd000 	C:\WINDOWS\System32\gdi32full.dll
0x00007ff80ad30000 - 0x00007ff80add3000 	C:\WINDOWS\System32\msvcp_win.dll
0x00007ffffb420000 - 0x00007ffffb42b000 	C:\WINDOWS\SYSTEM32\VERSION.dll
0x00007ff80bc10000 - 0x00007ff80bc3f000 	C:\WINDOWS\System32\IMM32.DLL
0x00007fffebef0000 - 0x00007fffebefc000 	C:\Program Files\Java\jdk-21\bin\vcruntime140_1.dll
0x00007fffda7f0000 - 0x00007fffda87e000 	C:\Program Files\Java\jdk-21\bin\msvcp140.dll
0x00007fff329b0000 - 0x00007fff336c5000 	C:\Program Files\Java\jdk-21\bin\server\jvm.dll
0x00007ff80b970000 - 0x00007ff80b9e4000 	C:\WINDOWS\System32\WS2_32.dll
0x00007ff80a210000 - 0x00007ff80a26e000 	C:\WINDOWS\SYSTEM32\POWRPROF.dll
0x00007ffff5c40000 - 0x00007ffff5c75000 	C:\WINDOWS\SYSTEM32\WINMM.dll
0x00007ff80a1f0000 - 0x00007ff80a204000 	C:\WINDOWS\SYSTEM32\UMPDC.dll
0x00007ff809180000 - 0x00007ff80919b000 	C:\WINDOWS\SYSTEM32\kernel.appcore.dll
0x00007fffeb370000 - 0x00007fffeb37a000 	C:\Program Files\Java\jdk-21\bin\jimage.dll
0x00007ff807aa0000 - 0x00007ff807ce2000 	C:\WINDOWS\SYSTEM32\DBGHELP.DLL
0x00007ff80b2f0000 - 0x00007ff80b66b000 	C:\WINDOWS\System32\combase.dll
0x00007ff80bab0000 - 0x00007ff80bb87000 	C:\WINDOWS\System32\OLEAUT32.dll
0x00007ffff40e0000 - 0x00007ffff411c000 	C:\WINDOWS\SYSTEM32\dbgcore.DLL
0x00007ff80ac90000 - 0x00007ff80ad28000 	C:\WINDOWS\System32\bcryptPrimitives.dll
0x00007fffeb1f0000 - 0x00007fffeb1ff000 	C:\Program Files\Java\jdk-21\bin\instrument.dll
0x00007fffeb040000 - 0x00007fffeb05f000 	C:\Program Files\Java\jdk-21\bin\java.dll
0x00007ff80c520000 - 0x00007ff80cc6d000 	C:\WINDOWS\System32\SHELL32.dll
0x00007ff80a8e0000 - 0x00007ff80aa4b000 	C:\WINDOWS\System32\wintypes.dll
0x00007ff807e60000 - 0x00007ff8086bd000 	C:\WINDOWS\SYSTEM32\windows.storage.dll
0x00007ff80b850000 - 0x00007ff80b942000 	C:\WINDOWS\System32\SHCORE.dll
0x00007ff80aff0000 - 0x00007ff80b052000 	C:\WINDOWS\System32\shlwapi.dll
0x00007ff80a2d0000 - 0x00007ff80a2f9000 	C:\WINDOWS\SYSTEM32\profapi.dll
0x00007fffc3f90000 - 0x00007fffc4067000 	C:\Program Files\Java\jdk-21\bin\jsvml.dll
0x00007fffe2660000 - 0x00007fffe2678000 	C:\Program Files\Java\jdk-21\bin\zip.dll
0x00007fffeb1e0000 - 0x00007fffeb1f0000 	C:\Program Files\Java\jdk-21\bin\net.dll
0x00007ff801400000 - 0x00007ff80151f000 	C:\WINDOWS\SYSTEM32\WINHTTP.dll
0x00007ff8096f0000 - 0x00007ff80975b000 	C:\WINDOWS\system32\mswsock.dll
0x00007fffe05c0000 - 0x00007fffe05d6000 	C:\Program Files\Java\jdk-21\bin\nio.dll
0x00007fffeb0e0000 - 0x00007fffeb0f0000 	C:\Program Files\Java\jdk-21\bin\verify.dll
0x00007fffe70a0000 - 0x00007fffe70c7000 	C:\Users\Computador\.gradle\native\1def1411415f61bf3af743bc5b6707747c0891f09f0c88961ee8f79bc544acac\windows-amd64\native-platform.dll
0x00007fffde900000 - 0x00007fffde978000 	C:\Users\Computador\.gradle\native\0.2.7\x86_64-windows-gnu\gradle-fileevents.dll
0x00007fffead60000 - 0x00007fffead6a000 	C:\Program Files\Java\jdk-21\bin\management.dll
0x00007fffeab90000 - 0x00007fffeab9b000 	C:\Program Files\Java\jdk-21\bin\management_ext.dll
0x00007ff80baa0000 - 0x00007ff80baa8000 	C:\WINDOWS\System32\PSAPI.DLL
0x00007ff808ba0000 - 0x00007ff808bd4000 	C:\WINDOWS\SYSTEM32\IPHLPAPI.DLL
0x00007ff80ccd0000 - 0x00007ff80ccda000 	C:\WINDOWS\System32\NSI.dll
0x00007fffe7840000 - 0x00007fffe7847000 	C:\Program Files\Java\jdk-21\bin\extnet.dll
0x00007ff8099b0000 - 0x00007ff8099cb000 	C:\WINDOWS\SYSTEM32\CRYPTSP.dll
0x00007ff8090e0000 - 0x00007ff80911b000 	C:\WINDOWS\system32\rsaenh.dll
0x00007ff809790000 - 0x00007ff8097bb000 	C:\WINDOWS\SYSTEM32\USERENV.dll
0x00007ff80a2a0000 - 0x00007ff80a2c6000 	C:\WINDOWS\SYSTEM32\bcrypt.dll
0x00007ff8099a0000 - 0x00007ff8099ac000 	C:\WINDOWS\SYSTEM32\CRYPTBASE.dll
0x00007fffe7030000 - 0x00007fffe703e000 	C:\Program Files\Java\jdk-21\bin\sunmscapi.dll
0x00007ff80aa50000 - 0x00007ff80abc7000 	C:\WINDOWS\System32\CRYPT32.dll
0x00007ff809bc0000 - 0x00007ff809bf0000 	C:\WINDOWS\SYSTEM32\ncrypt.dll
0x00007ff809b70000 - 0x00007ff809baf000 	C:\WINDOWS\SYSTEM32\NTASN1.dll
0x00007fff72f20000 - 0x00007fff72f28000 	C:\WINDOWS\system32\wshunix.dll

dbghelp: loaded successfully - version: 4.0.5 - missing functions: none
symbol engine: initialized successfully - sym options: 0x614 - pdb path: .;C:\Program Files\Java\jdk-21\bin;C:\WINDOWS\SYSTEM32;C:\WINDOWS\WinSxS\amd64_microsoft.windows.common-controls_6595b64144ccf1df_6.0.26100.6899_none_3e0efeeae32e88c1;C:\Program Files\Java\jdk-21\bin\server;C:\Users\Computador\.gradle\native\1def1411415f61bf3af743bc5b6707747c0891f09f0c88961ee8f79bc544acac\windows-amd64;C:\Users\Computador\.gradle\native\0.2.7\x86_64-windows-gnu

VM Arguments:
jvm_args: -Dfile.encoding=UTF-8 -Dsun.jnu.encoding=UTF-8 -Dsun.stdout.encoding=UTF-8 -Dsun.stderr.encoding=UTF-8 -Dconsole.encoding=UTF-8 --add-opens=java.base/java.lang=ALL-UNNAMED --add-opens=java.base/java.lang.invoke=ALL-UNNAMED --add-opens=java.base/java.util=ALL-UNNAMED --add-opens=java.prefs/java.util.prefs=ALL-UNNAMED --add-exports=jdk.compiler/com.sun.tools.javac.api=ALL-UNNAMED --add-exports=jdk.compiler/com.sun.tools.javac.util=ALL-UNNAMED --add-opens=java.base/java.util=ALL-UNNAMED --add-opens=java.prefs/java.util.prefs=ALL-UNNAMED --add-opens=java.base/java.nio.charset=ALL-UNNAMED --add-opens=java.base/java.net=ALL-UNNAMED --add-opens=java.base/java.util.concurrent.atomic=ALL-UNNAMED --add-opens=java.xml/javax.xml.namespace=ALL-UNNAMED -XX:MaxMetaspaceSize=384m -XX:+HeapDumpOnOutOfMemoryError -Xms256m -Xmx512m -Dfile.encoding=UTF-8 -Duser.country=BR -Duser.language=pt -Duser.variant -javaagent:C:\Users\Computador\.gradle\wrapper\dists\gradle-8.14.3-bin\cv11ve7ro1n3o1j4so8xd9n66\gradle-8.14.3\lib\agents\gradle-instrumentation-agent-8.14.3.jar 
java_command: org.gradle.launcher.daemon.bootstrap.GradleDaemon 8.14.3
java_class_path (initial): C:\Users\Computador\.gradle\wrapper\dists\gradle-8.14.3-bin\cv11ve7ro1n3o1j4so8xd9n66\gradle-8.14.3\lib\gradle-daemon-main-8.14.3.jar
Launcher Type: SUN_STANDARD

[Global flags]
     intx CICompilerCount                          = 4                                         {product} {ergonomic}
   size_t CompressedClassSpaceSize                 = 335544320                                 {product} {ergonomic}
     uint ConcGCThreads                            = 2                                         {product} {ergonomic}
     uint G1ConcRefinementThreads                  = 8                                         {product} {ergonomic}
   size_t G1HeapRegionSize                         = 1048576                                   {product} {ergonomic}
    uintx GCDrainStackTargetSize                   = 64                                        {product} {ergonomic}
     bool HeapDumpOnOutOfMemoryError               = true                                   {manageable} {command line}
   size_t InitialHeapSize                          = 268435456                                 {product} {command line}
   size_t MarkStackSize                            = 4194304                                   {product} {ergonomic}
   size_t MaxHeapSize                              = 536870912                                 {product} {command line}
   size_t MaxMetaspaceSize                         = 402653184                                 {product} {command line}
   size_t MaxNewSize                               = 321912832                                 {product} {ergonomic}
   size_t MinHeapDeltaBytes                        = 1048576                                   {product} {ergonomic}
   size_t MinHeapSize                              = 268435456                                 {product} {command line}
    uintx NonNMethodCodeHeapSize                   = 5839372                                {pd product} {ergonomic}
    uintx NonProfiledCodeHeapSize                  = 122909434                              {pd product} {ergonomic}
    uintx ProfiledCodeHeapSize                     = 122909434                              {pd product} {ergonomic}
    uintx ReservedCodeCacheSize                    = 251658240                              {pd product} {ergonomic}
     bool SegmentedCodeCache                       = true                                      {product} {ergonomic}
   size_t SoftMaxHeapSize                          = 536870912                              {manageable} {ergonomic}
     bool UseCompressedOops                        = true                           {product lp64_product} {ergonomic}
     bool UseG1GC                                  = true                                      {product} {ergonomic}
     bool UseLargePagesIndividualAllocation        = false                                  {pd product} {ergonomic}

Logging:
Log output configuration:
 #0: stdout all=warning uptime,level,tags foldmultilines=false
 #1: stderr all=off uptime,level,tags foldmultilines=false

Environment Variables:
JAVA_TOOL_OPTIONS=-Dfile.encoding=UTF-8 -Dsun.jnu.encoding=UTF-8 -Dsun.stdout.encoding=UTF-8 -Dsun.stderr.encoding=UTF-8 -Dconsole.encoding=UTF-8
PATH=C:\Program Files\Common Files\Oracle\Java\javapath;C:\Program Files (x86)\Common Files\Oracle\Java\java8path;C:\Program Files (x86)\Common Files\Oracle\Java\javapath;C:\WINDOWS\system32;C:\WINDOWS;C:\WINDOWS\System32\Wbem;C:\WINDOWS\System32\WindowsPowerShell\v1.0\;C:\WINDOWS\System32\OpenSSH\;C:\Program Files\MongoDB\Server\8.0\bin;C:\Program Files\Git\cmd;C:\apache-maven-3.9.9\bin;C:\gradle-8.12.1\bin;;C:\Program Files\Docker\Docker\resources\bin;C:\Program Files\nodejs\;C:\Program Files\MySQL\MySQL Shell 8.0\bin\;C:\Users\Computador\AppData\Local\Microsoft\WindowsApps;C:\Users\Computador\AppData\Local\Programs\Microsoft VS Code\bin;C:\Users\Computador\AppData\Local\GitHubDesktop\bin;C:\Users\Computador\AppData\Roaming\npm
USERNAME=Computador
OS=Windows_NT
PROCESSOR_IDENTIFIER=Intel64 Family 6 Model 140 Stepping 1, GenuineIntel
TMP=C:\Users\COMPUT~1\AppData\Local\Temp
TEMP=C:\Users\COMPUT~1\AppData\Local\Temp




Periodic native trim disabled

---------------  S Y S T E M  ---------------

OS:
 Windows 11 , 64 bit Build 26100 (10.0.26100.6725)
OS uptime: 6 days 0:21 hours
Hyper-V role detected

CPU: total 8 (initial active 8) (4 cores per cpu, 2 threads per core) family 6 model 140 stepping 1 microcode 0x8a, cx8, cmov, fxsr, ht, mmx, 3dnowpref, sse, sse2, sse3, ssse3, sse4.1, sse4.2, popcnt, lzcnt, tsc, tscinvbit, avx, avx2, aes, erms, clmul, bmi1, bmi2, adx, avx512f, avx512dq, avx512cd, avx512bw, avx512vl, sha, fma, vzeroupper, avx512_vpopcntdq, avx512_vpclmulqdq, avx512_vaes, avx512_vnni, clflush, clflushopt, clwb, avx512_vbmi2, avx512_vbmi, hv, rdtscp, rdpid, fsrm, gfni, avx512_bitalg, f16c, cet_ibt, cet_ss, avx512_ifma
Processor Information for processor 0
  Max Mhz: 2419, Current Mhz: 2419, Mhz Limit: 2419
Processor Information for processor 1
  Max Mhz: 2419, Current Mhz: 2419, Mhz Limit: 2419
Processor Information for processor 2
  Max Mhz: 2419, Current Mhz: 2419, Mhz Limit: 2419
Processor Information for processor 3
  Max Mhz: 2419, Current Mhz: 2419, Mhz Limit: 2419
Processor Information for processor 4
  Max Mhz: 2419, Current Mhz: 2419, Mhz Limit: 2419
Processor Information for processor 5
  Max Mhz: 2419, Current Mhz: 1007, Mhz Limit: 2419
Processor Information for processor 6
  Max Mhz: 2419, Current Mhz: 2419, Mhz Limit: 2419
Processor Information for processor 7
  Max Mhz: 2419, Current Mhz: 2419, Mhz Limit: 2419

Memory: 4k page, system-wide physical 7915M (768M free)
TotalPageFile size 17120M (AvailPageFile size 5M)
current process WorkingSet (physical memory assigned to process): 288M, peak: 288M
current process commit charge ("private bytes"): 454M, peak: 455M

vm_info: Java HotSpot(TM) 64-Bit Server VM (21.0.1+12-LTS-29) for windows-amd64 JRE (21.0.1+12-LTS-29), built on 2023-10-05T13:27:09Z by "mach5one" with MS VC++ 17.1 (VS2022)

END.
